<?xml version="1.0" encoding="UTF-8"?>
<TestRun id="ae806829-199b-49b8-bede-23ce0280c6d7" name="perezj@INTLT-JP 2012-03-26 11:42:39" runUser="DEV\perezj" xmlns="http://microsoft.com/schemas/VisualStudio/TeamTest/2010">
  <TestSettings name="Local" id="439f2755-c443-4bab-b910-8cfcc2baf5aa">
    <Description>These are default test settings for a local test run.</Description>
    <Deployment enabled="false" runDeploymentRoot="perezj_INTLT-JP 2012-03-26 11_42_39" />
    <Execution>
      <TestTypeSpecific />
      <AgentRule name="Execution Agents">
      </AgentRule>
    </Execution>
  </TestSettings>
  <Times creation="2012-03-26T11:42:39.7093900+11:00" queuing="2012-03-26T11:42:42.3787900+11:00" start="2012-03-26T11:42:42.4723900+11:00" finish="2012-03-26T11:42:56.0287900+11:00" />
  <ResultSummary outcome="Failed">
    <Counters total="75" executed="74" passed="69" error="0" failed="5" timeout="0" aborted="0" inconclusive="0" passedButRunAborted="0" notRunnable="0" notExecuted="1" disconnected="0" warning="0" completed="0" inProgress="0" pending="0" />
  </ResultSummary>
  <TestDefinitions>
    <UnitTest name="TestMethod1" storage="c:\users\perezj\documents\visual studio 2010\projects\arepamocks\arepamocks.testvaliddocumentationfeaturewithoutscenario\bin\debug\arepamocks.testvaliddocumentationfeaturewithoutscenario.dll" id="e4c2038a-d2b6-74fa-867c-b881c56b53af">
      <Execution id="5d42f309-4d73-4eb6-a0aa-91020ed831dc" />
      <TestMethod codeBase="C:/Users/PerezJ/Documents/Visual Studio 2010/Projects/ArepaMocks/ArepaMocks.TestValidDocumentationFeatureWithoutScenario/bin/Debug/ArepaMocks.TestValidDocumentationFeatureWithoutScenario.DLL" adapterTypeName="Microsoft.VisualStudio.TestTools.TestTypes.Unit.UnitTestAdapter, Microsoft.VisualStudio.QualityTools.Tips.UnitTest.Adapter, Version=10.0.0.0, Culture=neutral, PublicKeyToken=b03f5f7f11d50a3a" className="ArepaMocks.TestValidDocumentationFeatureWithoutScenario.UnitTest1, ArepaMocks.TestValidDocumentationFeatureWithoutScenario, Version=1.0.0.0, Culture=neutral, PublicKeyToken=null" name="TestMethod1" />
    </UnitTest>
    <UnitTest name="TestMethod1" storage="c:\users\perezj\documents\visual studio 2010\projects\arepamocks\arepamocks.testfeaturewithoutuserstory\bin\debug\arepamocks.testfeaturewithoutuserstory.dll" id="cba4e5e6-9b12-255a-c711-a16eb14adc8a">
      <Execution id="b588dd67-6099-4d31-93c3-2217d1775400" />
      <TestMethod codeBase="C:/Users/PerezJ/Documents/Visual Studio 2010/Projects/ArepaMocks/ArepaMocks.TestFeatureWithoutUserStory/bin/Debug/ArepaMocks.TestFeatureWithoutUserStory.DLL" adapterTypeName="Microsoft.VisualStudio.TestTools.TestTypes.Unit.UnitTestAdapter, Microsoft.VisualStudio.QualityTools.Tips.UnitTest.Adapter, Version=10.0.0.0, Culture=neutral, PublicKeyToken=b03f5f7f11d50a3a" className="ArepaMocks.TestFeatureWithoutUserStory.UnitTest1, ArepaMocks.TestFeatureWithoutUserStory, Version=1.0.0.0, Culture=neutral, PublicKeyToken=null" name="TestMethod1" />
    </UnitTest>
    <UnitTest name="TestMethod1" storage="c:\users\perezj\documents\visual studio 2010\projects\arepamocks\arepamocks.testvalidtestreport\bin\debug\arepamocks.testvalidtestreport.dll" id="44364494-b301-4d8e-2866-48f8810f5486">
      <Execution id="a424d535-49b6-4eb5-9ac8-a8db1e6f447b" />
      <TestMethod codeBase="C:/Users/PerezJ/Documents/Visual Studio 2010/Projects/ArepaMocks/ArepaMocks.TestValidTestReport/bin/Debug/ArepaMocks.TestValidTestReport.DLL" adapterTypeName="Microsoft.VisualStudio.TestTools.TestTypes.Unit.UnitTestAdapter, Microsoft.VisualStudio.QualityTools.Tips.UnitTest.Adapter, Version=10.0.0.0, Culture=neutral, PublicKeyToken=b03f5f7f11d50a3a" className="ArepaMocks.TestValidTestReport.FeatureSuccess2, ArepaMocks.TestValidTestReport, Version=1.0.0.0, Culture=neutral, PublicKeyToken=null" name="TestMethod1" />
    </UnitTest>
    <UnitTest name="Scenario2" storage="c:\users\perezj\documents\visual studio 2010\projects\arepamocks\arepamocks.testvalidtestreport\bin\debug\arepamocks.testvalidtestreport.dll" id="9b77ea79-a5be-7b12-a6aa-bd79011c7986">
      <Execution id="6f5aad07-4701-49aa-9549-87acd0644817" />
      <TestMethod codeBase="C:/Users/PerezJ/Documents/Visual Studio 2010/Projects/ArepaMocks/ArepaMocks.TestValidTestReport/bin/Debug/ArepaMocks.TestValidTestReport.DLL" adapterTypeName="Microsoft.VisualStudio.TestTools.TestTypes.Unit.UnitTestAdapter, Microsoft.VisualStudio.QualityTools.Tips.UnitTest.Adapter, Version=10.0.0.0, Culture=neutral, PublicKeyToken=b03f5f7f11d50a3a" className="ArepaMocks.TestValidTestReport.FeatureSuccess1, ArepaMocks.TestValidTestReport, Version=1.0.0.0, Culture=neutral, PublicKeyToken=null" name="Scenario2" />
    </UnitTest>
    <UnitTest name="TestMethod1" storage="c:\users\perezj\documents\visual studio 2010\projects\arepamocks\arepamocks.testwithoutscenarios\bin\debug\arepamocks.testwithoutscenarios.dll" id="ff4d5294-ee35-0134-f913-71a8dac6f9e0">
      <Execution id="a2e33dc8-805c-46ac-ab7f-94b1fa71f81f" />
      <TestMethod codeBase="C:/Users/PerezJ/Documents/Visual Studio 2010/Projects/ArepaMocks/ArepaMocks.TestWithoutScenarios/bin/Debug/ArepaMocks.TestWithoutScenarios.DLL" adapterTypeName="Microsoft.VisualStudio.TestTools.TestTypes.Unit.UnitTestAdapter, Microsoft.VisualStudio.QualityTools.Tips.UnitTest.Adapter, Version=10.0.0.0, Culture=neutral, PublicKeyToken=b03f5f7f11d50a3a" className="ArepaMocks.TestWithoutScenarios.UnitTest1, ArepaMocks.TestWithoutScenarios, Version=1.0.0.0, Culture=neutral, PublicKeyToken=null" name="TestMethod1" />
    </UnitTest>
    <UnitTest name="TestMethod1" storage="c:\users\perezj\documents\visual studio 2010\projects\arepamocks\arepamocks.testvaliddocumentationwith1scenario1feature\bin\debug\arepamocks.testvaliddocumentationwith1scenario1feature.dll" id="53f8ce7c-ab78-56e9-ac0e-6ab97499cb96">
      <Execution id="a6425ec6-53c1-4823-8912-59dd67c3daaf" />
      <TestMethod codeBase="C:/Users/PerezJ/Documents/Visual Studio 2010/Projects/ArepaMocks/ArepaMocks.TestValidDocumentationWith1Scenario1Feature/bin/Debug/ArepaMocks.TestValidDocumentationWith1Scenario1Feature.DLL" adapterTypeName="Microsoft.VisualStudio.TestTools.TestTypes.Unit.UnitTestAdapter, Microsoft.VisualStudio.QualityTools.Tips.UnitTest.Adapter, Version=10.0.0.0, Culture=neutral, PublicKeyToken=b03f5f7f11d50a3a" className="ArepaMocks.TestValidDocumentationWith1Scenario1Feature.UnitTest1, ArepaMocks.TestValidDocumentationWith1Scenario1Feature, Version=1.0.0.0, Culture=neutral, PublicKeyToken=null" name="TestMethod1" />
    </UnitTest>
    <UnitTest name="Add_Two_Valid_Numbers" storage="c:\users\perezj\documents\visual studio 2010\projects\arepamocks\arepamocks.testvaliddocumentationwith3scenario2feature\bin\debug\arepamocks.testvaliddocumentationwith3scenario2feature.dll" id="f24af913-228a-d5f6-da72-b114689b5bad">
      <Execution id="7dd78309-9ff7-4fce-b306-4a8d6e61f39f" />
      <TestMethod codeBase="C:/Users/PerezJ/Documents/Visual Studio 2010/Projects/ArepaMocks/ArepaMocks.TestValidDocumentationWith3Scenario2Feature/bin/Debug/ArepaMocks.TestValidDocumentationWith3Scenario2Feature.DLL" adapterTypeName="Microsoft.VisualStudio.TestTools.TestTypes.Unit.UnitTestAdapter, Microsoft.VisualStudio.QualityTools.Tips.UnitTest.Adapter, Version=10.0.0.0, Culture=neutral, PublicKeyToken=b03f5f7f11d50a3a" className="ArepaMocks.TestValidDocumentationWith3Scenario2Feature.AddTwoNumbers, ArepaMocks.TestValidDocumentationWith3Scenario2Feature, Version=1.0.0.0, Culture=neutral, PublicKeyToken=null" name="Add_Two_Valid_Numbers" />
    </UnitTest>
    <UnitTest name="TestMethod1" storage="c:\users\perezj\documents\visual studio 2010\projects\arepamocks\arepamocks.testvaliddocumentationfeaturewithoutscenario\bin\debug\arepamocks.testvaliddocumentationfeaturewithoutscenario.dll" id="3d67f098-0dab-d1e3-d1bd-146a12294862">
      <Execution id="28ab6a48-d009-4dd3-bd7b-a948070eea30" />
      <TestMethod codeBase="C:/Users/PerezJ/Documents/Visual Studio 2010/Projects/ArepaMocks/ArepaMocks.TestValidDocumentationFeatureWithoutScenario/bin/Debug/ArepaMocks.TestValidDocumentationFeatureWithoutScenario.DLL" adapterTypeName="Microsoft.VisualStudio.TestTools.TestTypes.Unit.UnitTestAdapter, Microsoft.VisualStudio.QualityTools.Tips.UnitTest.Adapter, Version=10.0.0.0, Culture=neutral, PublicKeyToken=b03f5f7f11d50a3a" className="ArepaMocks.TestValidDocumentationFeatureWithoutScenario.FeatureWithoutScenario2, ArepaMocks.TestValidDocumentationFeatureWithoutScenario, Version=1.0.0.0, Culture=neutral, PublicKeyToken=null" name="TestMethod1" />
    </UnitTest>
    <UnitTest name="TestMethod1" storage="c:\users\perezj\documents\visual studio 2010\projects\arepamocks\arepamocks.testscenarioswithoutfeatures\bin\debug\arepamocks.testscenarioswithoutfeatures.dll" id="f151e28a-7a1b-379d-cfbb-827a22aba69c">
      <Execution id="c92706fe-b995-416f-b1a1-6dc4e6e60cbc" />
      <TestMethod codeBase="C:/Users/PerezJ/Documents/Visual Studio 2010/Projects/ArepaMocks/ArepaMocks.TestScenariosWithoutFeatures/bin/Debug/ArepaMocks.TestScenariosWithoutFeatures.DLL" adapterTypeName="Microsoft.VisualStudio.TestTools.TestTypes.Unit.UnitTestAdapter, Microsoft.VisualStudio.QualityTools.Tips.UnitTest.Adapter, Version=10.0.0.0, Culture=neutral, PublicKeyToken=b03f5f7f11d50a3a" className="ArepaMocks.TestScenariosWithoutFeatures.FeatureSuccess1, ArepaMocks.TestScenariosWithoutFeatures, Version=1.0.0.0, Culture=neutral, PublicKeyToken=null" name="TestMethod1" />
    </UnitTest>
    <UnitTest name="TestMethod1" storage="c:\users\perezj\documents\visual studio 2010\projects\arepamocks\arepamocks.testvaliddocumentationfeaturewithoutscenario\bin\debug\arepamocks.testvaliddocumentationfeaturewithoutscenario.dll" id="cfefc6cb-3693-0273-51a9-162a99d6ab0d">
      <Execution id="cc657cf3-3074-40d6-aeee-139247b54541" />
      <TestMethod codeBase="C:/Users/PerezJ/Documents/Visual Studio 2010/Projects/ArepaMocks/ArepaMocks.TestValidDocumentationFeatureWithoutScenario/bin/Debug/ArepaMocks.TestValidDocumentationFeatureWithoutScenario.DLL" adapterTypeName="Microsoft.VisualStudio.TestTools.TestTypes.Unit.UnitTestAdapter, Microsoft.VisualStudio.QualityTools.Tips.UnitTest.Adapter, Version=10.0.0.0, Culture=neutral, PublicKeyToken=b03f5f7f11d50a3a" className="ArepaMocks.TestValidDocumentationFeatureWithoutScenario.FeatureSuccess1, ArepaMocks.TestValidDocumentationFeatureWithoutScenario, Version=1.0.0.0, Culture=neutral, PublicKeyToken=null" name="TestMethod1" />
    </UnitTest>
    <UnitTest name="TestMethod1" storage="c:\users\perezj\documents\visual studio 2010\projects\arepamocks\arepamocks.testsuccesstestreport\bin\debug\arepamocks.testsuccesstestreport.dll" id="9d5cb68c-2aba-610a-87f7-bf15871f458d">
      <Execution id="dfe21072-1cb6-44ec-826a-275e47b60edc" />
      <TestMethod codeBase="C:/Users/PerezJ/Documents/Visual Studio 2010/Projects/ArepaMocks/ArepaMocks.TestSuccessTestReport/bin/Debug/ArepaMocks.TestSuccessTestReport.DLL" adapterTypeName="Microsoft.VisualStudio.TestTools.TestTypes.Unit.UnitTestAdapter, Microsoft.VisualStudio.QualityTools.Tips.UnitTest.Adapter, Version=10.0.0.0, Culture=neutral, PublicKeyToken=b03f5f7f11d50a3a" className="ArepaMocks.TestSuccessTestReport.UnitTest1, ArepaMocks.TestSuccessTestReport, Version=1.0.0.0, Culture=neutral, PublicKeyToken=null" name="TestMethod1" />
    </UnitTest>
    <UnitTest name="TestMethod1" storage="c:\users\perezj\documents\visual studio 2010\projects\arepamocks\arepamocks.testvaliddocumentationwith2scenario2feature\bin\debug\arepamocks.testvaliddocumentationwith2scenario2feature.dll" id="a929c59b-df1d-a8df-e409-dfbd9ebfb919">
      <Execution id="7c755f94-46e4-4179-b5b8-6002e3404d2e" />
      <TestMethod codeBase="C:/Users/PerezJ/Documents/Visual Studio 2010/Projects/ArepaMocks/ArepaMocks.TestValidDocumentationWith2Scenario2Feature/bin/Debug/ArepaMocks.TestValidDocumentationWith2Scenario2Feature.DLL" adapterTypeName="Microsoft.VisualStudio.TestTools.TestTypes.Unit.UnitTestAdapter, Microsoft.VisualStudio.QualityTools.Tips.UnitTest.Adapter, Version=10.0.0.0, Culture=neutral, PublicKeyToken=b03f5f7f11d50a3a" className="ArepaMocks.TestValidDocumentationWith2Scenario2Feature.UnitTest1, ArepaMocks.TestValidDocumentationWith2Scenario2Feature, Version=1.0.0.0, Culture=neutral, PublicKeyToken=null" name="TestMethod1" />
    </UnitTest>
    <UnitTest name="Substract_Two_Valid_Numbers" storage="c:\users\perezj\documents\visual studio 2010\projects\arepamocks\arepamocks.testvaliddocumentationwith4scenario2feature\bin\debug\arepamocks.testvaliddocumentationwith4scenario2feature.dll" id="0a1692ca-ffa3-0d93-4be2-12d38fb2fff9">
      <Execution id="7f7dc225-8853-471f-b2e2-66ee5d0debef" />
      <TestMethod codeBase="C:/Users/PerezJ/Documents/Visual Studio 2010/Projects/ArepaMocks/ArepaMocks.TestValidDocumentationWith4Scenario2Feature/bin/Debug/ArepaMocks.TestValidDocumentationWith4Scenario2Feature.DLL" adapterTypeName="Microsoft.VisualStudio.TestTools.TestTypes.Unit.UnitTestAdapter, Microsoft.VisualStudio.QualityTools.Tips.UnitTest.Adapter, Version=10.0.0.0, Culture=neutral, PublicKeyToken=b03f5f7f11d50a3a" className="ArepaMocks.TestValidDocumentationWith4Scenario2Feature.SubstractTwoNumbers, ArepaMocks.TestValidDocumentationWith4Scenario2Feature, Version=1.0.0.0, Culture=neutral, PublicKeyToken=null" name="Substract_Two_Valid_Numbers" />
    </UnitTest>
    <UnitTest name="Scenario1" storage="c:\users\perezj\documents\visual studio 2010\projects\arepamocks\arepamocks.testscenarioswithoutfeatures\bin\debug\arepamocks.testscenarioswithoutfeatures.dll" id="6de5aefb-861f-99b2-90ab-07e7fe85f667">
      <Execution id="41da0479-a4d3-4fc6-a7a2-c816d7c478ed" />
      <TestMethod codeBase="C:/Users/PerezJ/Documents/Visual Studio 2010/Projects/ArepaMocks/ArepaMocks.TestScenariosWithoutFeatures/bin/Debug/ArepaMocks.TestScenariosWithoutFeatures.DLL" adapterTypeName="Microsoft.VisualStudio.TestTools.TestTypes.Unit.UnitTestAdapter, Microsoft.VisualStudio.QualityTools.Tips.UnitTest.Adapter, Version=10.0.0.0, Culture=neutral, PublicKeyToken=b03f5f7f11d50a3a" className="ArepaMocks.TestScenariosWithoutFeatures.FeatureSuccess1, ArepaMocks.TestScenariosWithoutFeatures, Version=1.0.0.0, Culture=neutral, PublicKeyToken=null" name="Scenario1" />
    </UnitTest>
    <UnitTest name="TestMethod1" storage="c:\users\perezj\documents\visual studio 2010\projects\arepamocks\arepamocks.testfeaturewithouttitle\bin\debug\arepamocks.testfeaturewithouttitle.dll" id="ade489dc-c734-0185-18cf-ba768655d892">
      <Execution id="f76e421b-8259-4360-aa8c-280678e39ad4" />
      <TestMethod codeBase="C:/Users/PerezJ/Documents/Visual Studio 2010/Projects/ArepaMocks/ArepaMocks.TestFeatureWithoutTitle/bin/Debug/ArepaMocks.TestFeatureWithoutTitle.DLL" adapterTypeName="Microsoft.VisualStudio.TestTools.TestTypes.Unit.UnitTestAdapter, Microsoft.VisualStudio.QualityTools.Tips.UnitTest.Adapter, Version=10.0.0.0, Culture=neutral, PublicKeyToken=b03f5f7f11d50a3a" className="ArepaMocks.TestFeatureWithoutTitle.UnitTest1, ArepaMocks.TestFeatureWithoutTitle, Version=1.0.0.0, Culture=neutral, PublicKeyToken=null" name="TestMethod1" />
    </UnitTest>
    <UnitTest name="TestMethod1" storage="c:\users\perezj\documents\visual studio 2010\projects\arepamocks\arepamocks.testvaliddocumentationwith3scenario2feature\bin\debug\arepamocks.testvaliddocumentationwith3scenario2feature.dll" id="7a9cff1f-4e4c-f047-2570-94c2b41131ff">
      <Execution id="384a9005-d866-4b5a-87ab-012f1c25c443" />
      <TestMethod codeBase="C:/Users/PerezJ/Documents/Visual Studio 2010/Projects/ArepaMocks/ArepaMocks.TestValidDocumentationWith3Scenario2Feature/bin/Debug/ArepaMocks.TestValidDocumentationWith3Scenario2Feature.DLL" adapterTypeName="Microsoft.VisualStudio.TestTools.TestTypes.Unit.UnitTestAdapter, Microsoft.VisualStudio.QualityTools.Tips.UnitTest.Adapter, Version=10.0.0.0, Culture=neutral, PublicKeyToken=b03f5f7f11d50a3a" className="ArepaMocks.TestValidDocumentationWith3Scenario2Feature.UnitTest1, ArepaMocks.TestValidDocumentationWith3Scenario2Feature, Version=1.0.0.0, Culture=neutral, PublicKeyToken=null" name="TestMethod1" />
    </UnitTest>
    <UnitTest name="Scenario2" storage="c:\users\perezj\documents\visual studio 2010\projects\arepamocks\arepamocks.testscenarioswithoutfeatures\bin\debug\arepamocks.testscenarioswithoutfeatures.dll" id="b3f34a6b-9717-6c88-6eb0-1c638d376176">
      <Execution id="8b009dbe-3aae-4e96-a085-ce70e16dee54" />
      <TestMethod codeBase="C:/Users/PerezJ/Documents/Visual Studio 2010/Projects/ArepaMocks/ArepaMocks.TestScenariosWithoutFeatures/bin/Debug/ArepaMocks.TestScenariosWithoutFeatures.DLL" adapterTypeName="Microsoft.VisualStudio.TestTools.TestTypes.Unit.UnitTestAdapter, Microsoft.VisualStudio.QualityTools.Tips.UnitTest.Adapter, Version=10.0.0.0, Culture=neutral, PublicKeyToken=b03f5f7f11d50a3a" className="ArepaMocks.TestScenariosWithoutFeatures.FeatureSuccess1, ArepaMocks.TestScenariosWithoutFeatures, Version=1.0.0.0, Culture=neutral, PublicKeyToken=null" name="Scenario2" />
    </UnitTest>
    <UnitTest name="Substract_Two_Valid_Numbers" storage="c:\users\perezj\documents\visual studio 2010\projects\arepamocks\arepamocks.testvaliddocumentationwith3scenario2feature\bin\debug\arepamocks.testvaliddocumentationwith3scenario2feature.dll" id="3a47ab0d-ffe1-ee4a-ca2a-9d71a85ec058">
      <Execution id="61be63e1-962b-47c6-957a-2bdcd1025209" />
      <TestMethod codeBase="C:/Users/PerezJ/Documents/Visual Studio 2010/Projects/ArepaMocks/ArepaMocks.TestValidDocumentationWith3Scenario2Feature/bin/Debug/ArepaMocks.TestValidDocumentationWith3Scenario2Feature.DLL" adapterTypeName="Microsoft.VisualStudio.TestTools.TestTypes.Unit.UnitTestAdapter, Microsoft.VisualStudio.QualityTools.Tips.UnitTest.Adapter, Version=10.0.0.0, Culture=neutral, PublicKeyToken=b03f5f7f11d50a3a" className="ArepaMocks.TestValidDocumentationWith3Scenario2Feature.SubstractTwoNumbers, ArepaMocks.TestValidDocumentationWith3Scenario2Feature, Version=1.0.0.0, Culture=neutral, PublicKeyToken=null" name="Substract_Two_Valid_Numbers" />
    </UnitTest>
    <UnitTest name="TestMethod1" storage="c:\users\perezj\documents\visual studio 2010\projects\arepamocks\arepamocks.testvaliddocumentationwith2scenario1feature\bin\debug\arepamocks.testvaliddocumentationwith2scenario1feature.dll" id="a8573c06-afb9-aa25-8b03-eb0a02b3bbbb">
      <Execution id="dd34aa92-9a03-4601-9de4-c7d0aaef55eb" />
      <TestMethod codeBase="C:/Users/PerezJ/Documents/Visual Studio 2010/Projects/ArepaMocks/ArepaMocks.TestValidDocumentationWith2Scenario1Feature/bin/Debug/ArepaMocks.TestValidDocumentationWith2Scenario1Feature.DLL" adapterTypeName="Microsoft.VisualStudio.TestTools.TestTypes.Unit.UnitTestAdapter, Microsoft.VisualStudio.QualityTools.Tips.UnitTest.Adapter, Version=10.0.0.0, Culture=neutral, PublicKeyToken=b03f5f7f11d50a3a" className="ArepaMocks.TestValidDocumentationWith2Scenario1Feature.UnitTest1, ArepaMocks.TestValidDocumentationWith2Scenario1Feature, Version=1.0.0.0, Culture=neutral, PublicKeyToken=null" name="TestMethod1" />
    </UnitTest>
    <UnitTest name="AddTwoInvalidNumbers" storage="c:\users\perezj\documents\visual studio 2010\projects\arepamocks\arepamocks.testvaliddocumentationwith4scenario2feature\bin\debug\arepamocks.testvaliddocumentationwith4scenario2feature.dll" id="5170e5b9-f500-58c2-4d59-6f8a2f848aa3">
      <Execution id="7039782c-1984-43cd-9646-4b817c14d5f5" />
      <TestMethod codeBase="C:/Users/PerezJ/Documents/Visual Studio 2010/Projects/ArepaMocks/ArepaMocks.TestValidDocumentationWith4Scenario2Feature/bin/Debug/ArepaMocks.TestValidDocumentationWith4Scenario2Feature.DLL" adapterTypeName="Microsoft.VisualStudio.TestTools.TestTypes.Unit.UnitTestAdapter, Microsoft.VisualStudio.QualityTools.Tips.UnitTest.Adapter, Version=10.0.0.0, Culture=neutral, PublicKeyToken=b03f5f7f11d50a3a" className="ArepaMocks.TestValidDocumentationWith4Scenario2Feature.AddTwoNumbers, ArepaMocks.TestValidDocumentationWith4Scenario2Feature, Version=1.0.0.0, Culture=neutral, PublicKeyToken=null" name="AddTwoInvalidNumbers" />
    </UnitTest>
    <UnitTest name="Add_Two_Valid_Numbers" storage="c:\users\perezj\documents\visual studio 2010\projects\arepamocks\arepamocks.testscenariowithremarksbutnotscenariodesc\bin\debug\arepamocks.testscenariowithremarksbutnotscenariodesc.dll" id="b3ba26de-dbbd-9ce7-4fc3-cc72bdd92521">
      <Execution id="a8b3faf4-123f-4790-b51d-242225fe1a96" />
      <TestMethod codeBase="C:/Users/PerezJ/Documents/Visual Studio 2010/Projects/ArepaMocks/ArepaMocks.TestScenarioWithRemarksButNotScenarioDesc/bin/Debug/ArepaMocks.TestScenarioWithRemarksButNotScenarioDesc.DLL" adapterTypeName="Microsoft.VisualStudio.TestTools.TestTypes.Unit.UnitTestAdapter, Microsoft.VisualStudio.QualityTools.Tips.UnitTest.Adapter, Version=10.0.0.0, Culture=neutral, PublicKeyToken=b03f5f7f11d50a3a" className="ArepaMocks.TestScenarioWithRemarksButNotScenarioDesc.AddTwoNumbers, ArepaMocks.TestScenarioWithRemarksButNotScenarioDesc, Version=1.0.0.0, Culture=neutral, PublicKeyToken=null" name="Add_Two_Valid_Numbers" />
    </UnitTest>
    <UnitTest name="Scenario1" storage="c:\users\perezj\documents\visual studio 2010\projects\arepamocks\arepamocks.testvalidtestreport\bin\debug\arepamocks.testvalidtestreport.dll" id="46df5543-d943-eaba-14dd-e93f5bc99d2d">
      <Execution id="3413d4d7-d4e6-426c-a495-8b13793e4a00" />
      <TestMethod codeBase="C:/Users/PerezJ/Documents/Visual Studio 2010/Projects/ArepaMocks/ArepaMocks.TestValidTestReport/bin/Debug/ArepaMocks.TestValidTestReport.DLL" adapterTypeName="Microsoft.VisualStudio.TestTools.TestTypes.Unit.UnitTestAdapter, Microsoft.VisualStudio.QualityTools.Tips.UnitTest.Adapter, Version=10.0.0.0, Culture=neutral, PublicKeyToken=b03f5f7f11d50a3a" className="ArepaMocks.TestValidTestReport.FeatureSuccess1, ArepaMocks.TestValidTestReport, Version=1.0.0.0, Culture=neutral, PublicKeyToken=null" name="Scenario1" />
    </UnitTest>
    <UnitTest name="TestMethod1" storage="c:\users\perezj\documents\visual studio 2010\projects\arepamocks\arepamocks.testvaliddoc4scenario2featurecaseinsensitive\bin\debug\arepamocks.testvaliddoc4scenario2featurecaseinsensitive.dll" id="a0d43ab5-e110-2559-de1a-a6008fda0a4a">
      <Execution id="294c4fb1-204e-47a0-be2b-cd083b7ede66" />
      <TestMethod codeBase="C:/Users/PerezJ/Documents/Visual Studio 2010/Projects/ArepaMocks/ArepaMocks.TestValidDoc4Scenario2FeatureCaseInsensitive/bin/Debug/ArepaMocks.TestValidDoc4Scenario2FeatureCaseInsensitive.DLL" adapterTypeName="Microsoft.VisualStudio.TestTools.TestTypes.Unit.UnitTestAdapter, Microsoft.VisualStudio.QualityTools.Tips.UnitTest.Adapter, Version=10.0.0.0, Culture=neutral, PublicKeyToken=b03f5f7f11d50a3a" className="ArepaMocks.TestValidDoc4Scenario2FeatureCaseInsensitive.UnitTest1, ArepaMocks.TestValidDoc4Scenario2FeatureCaseInsensitive, Version=1.0.0.0, Culture=neutral, PublicKeyToken=null" name="TestMethod1" />
    </UnitTest>
    <UnitTest name="TestMethod1" storage="c:\users\perezj\documents\visual studio 2010\projects\arepamocks\arepamocks.testscenarioswithoutfeatures\bin\debug\arepamocks.testscenarioswithoutfeatures.dll" id="c93aaaea-355d-a1f1-dd4c-f79ccc2e687f">
      <Execution id="9fba6d78-8b61-43bb-87c3-8a7f7da87970" />
      <TestMethod codeBase="C:/Users/PerezJ/Documents/Visual Studio 2010/Projects/ArepaMocks/ArepaMocks.TestScenariosWithoutFeatures/bin/Debug/ArepaMocks.TestScenariosWithoutFeatures.DLL" adapterTypeName="Microsoft.VisualStudio.TestTools.TestTypes.Unit.UnitTestAdapter, Microsoft.VisualStudio.QualityTools.Tips.UnitTest.Adapter, Version=10.0.0.0, Culture=neutral, PublicKeyToken=b03f5f7f11d50a3a" className="ArepaMocks.TestScenariosWithoutFeatures.UnitTest1, ArepaMocks.TestScenariosWithoutFeatures, Version=1.0.0.0, Culture=neutral, PublicKeyToken=null" name="TestMethod1" />
    </UnitTest>
    <UnitTest name="TestMethod1" storage="c:\users\perezj\documents\visual studio 2010\projects\arepamocks\arepamocks.testvbprojectwithoutdocumentation\bin\debug\arepamocks.testvbprojectwithoutdocumentation.dll" id="49e0e307-5361-a252-f32e-f4648599354f">
      <Execution id="9d009e13-68a4-4661-85f4-5940a54fd59c" />
      <TestMethod codeBase="C:/Users/PerezJ/Documents/Visual Studio 2010/Projects/ArepaMocks/ArepaMocks.TestVBProjectWithoutDocumentation/bin/Debug/ArepaMocks.TestVBProjectWithoutDocumentation.DLL" adapterTypeName="Microsoft.VisualStudio.TestTools.TestTypes.Unit.UnitTestAdapter, Microsoft.VisualStudio.QualityTools.Tips.UnitTest.Adapter, Version=10.0.0.0, Culture=neutral, PublicKeyToken=b03f5f7f11d50a3a" className="ArepaMocks.TestVBProjectWithoutDocumentation.UnitTest1, ArepaMocks.TestVBProjectWithoutDocumentation, Version=1.0.0.0, Culture=neutral, PublicKeyToken=null" name="TestMethod1" />
    </UnitTest>
    <UnitTest name="Add_Two_Valid_Numbers" storage="c:\users\perezj\documents\visual studio 2010\projects\arepamocks\arepamocks.testscenariowithouttitle\bin\debug\arepamocks.testscenariowithouttitle.dll" id="e1e33977-baa1-a02b-9510-2024a783ce92">
      <Execution id="d3e577bc-76ca-43ed-a174-5dac62c10954" />
      <TestMethod codeBase="C:/Users/PerezJ/Documents/Visual Studio 2010/Projects/ArepaMocks/ArepaMocks.TestScenarioWithoutTitle/bin/Debug/ArepaMocks.TestScenarioWithoutTitle.DLL" adapterTypeName="Microsoft.VisualStudio.TestTools.TestTypes.Unit.UnitTestAdapter, Microsoft.VisualStudio.QualityTools.Tips.UnitTest.Adapter, Version=10.0.0.0, Culture=neutral, PublicKeyToken=b03f5f7f11d50a3a" className="ArepaMocks.TestScenarioWithoutTitle.AddTwoNumbers, ArepaMocks.TestScenarioWithoutTitle, Version=1.0.0.0, Culture=neutral, PublicKeyToken=null" name="Add_Two_Valid_Numbers" />
    </UnitTest>
    <UnitTest name="TestMethod1" storage="c:\users\perezj\documents\visual studio 2010\projects\arepamocks\arepamocks.testfeaturewithremarksbutnotuserstory\bin\debug\arepamocks.testfeaturewithremarksbutnotuserstory.dll" id="32c1bfaf-5581-b59b-4751-f069c1bd9656">
      <Execution id="0046809d-b925-4f18-8bd7-4867218f5d52" />
      <TestMethod codeBase="C:/Users/PerezJ/Documents/Visual Studio 2010/Projects/ArepaMocks/ArepaMocks.TestFeatureWithRemarksButNotUserStory/bin/Debug/ArepaMocks.TestFeatureWithRemarksButNotUserStory.DLL" adapterTypeName="Microsoft.VisualStudio.TestTools.TestTypes.Unit.UnitTestAdapter, Microsoft.VisualStudio.QualityTools.Tips.UnitTest.Adapter, Version=10.0.0.0, Culture=neutral, PublicKeyToken=b03f5f7f11d50a3a" className="ArepaMocks.TestFeatureWithRemarksButNotUserStory.UnitTest1, ArepaMocks.TestFeatureWithRemarksButNotUserStory, Version=1.0.0.0, Culture=neutral, PublicKeyToken=null" name="TestMethod1" />
    </UnitTest>
    <UnitTest name="AddTwoInvalidNumbers" storage="c:\users\perezj\documents\visual studio 2010\projects\arepamocks\arepamocks.testvaliddocumentationwith3scenario2feature\bin\debug\arepamocks.testvaliddocumentationwith3scenario2feature.dll" id="14fef4f7-8a0a-906a-6edf-805e390c1b1e">
      <Execution id="755630b7-28f8-4422-84bc-4cba3bde0528" />
      <TestMethod codeBase="C:/Users/PerezJ/Documents/Visual Studio 2010/Projects/ArepaMocks/ArepaMocks.TestValidDocumentationWith3Scenario2Feature/bin/Debug/ArepaMocks.TestValidDocumentationWith3Scenario2Feature.DLL" adapterTypeName="Microsoft.VisualStudio.TestTools.TestTypes.Unit.UnitTestAdapter, Microsoft.VisualStudio.QualityTools.Tips.UnitTest.Adapter, Version=10.0.0.0, Culture=neutral, PublicKeyToken=b03f5f7f11d50a3a" className="ArepaMocks.TestValidDocumentationWith3Scenario2Feature.AddTwoNumbers, ArepaMocks.TestValidDocumentationWith3Scenario2Feature, Version=1.0.0.0, Culture=neutral, PublicKeyToken=null" name="AddTwoInvalidNumbers" />
    </UnitTest>
    <UnitTest name="TestMethod1" storage="c:\users\perezj\documents\visual studio 2010\projects\arepamocks\arepamocks.testvalidtestreport\bin\debug\arepamocks.testvalidtestreport.dll" id="3bdf6447-5909-c2fc-a064-278e1cf84434">
      <Execution id="22be7a3a-b8f8-48b6-a7f9-2a6fe14d90d3" />
      <TestMethod codeBase="C:/Users/PerezJ/Documents/Visual Studio 2010/Projects/ArepaMocks/ArepaMocks.TestValidTestReport/bin/Debug/ArepaMocks.TestValidTestReport.DLL" adapterTypeName="Microsoft.VisualStudio.TestTools.TestTypes.Unit.UnitTestAdapter, Microsoft.VisualStudio.QualityTools.Tips.UnitTest.Adapter, Version=10.0.0.0, Culture=neutral, PublicKeyToken=b03f5f7f11d50a3a" className="ArepaMocks.TestValidTestReport.UnitTest1, ArepaMocks.TestValidTestReport, Version=1.0.0.0, Culture=neutral, PublicKeyToken=null" name="TestMethod1" />
    </UnitTest>
    <UnitTest name="TestMethod1" storage="c:\users\perezj\documents\visual studio 2010\projects\arepamocks\arepamocks.testwithoutfeatures\bin\debug\arepamocks.testwithoutfeatures.dll" id="62ebc987-cc0a-d45d-d739-68c28174967c">
      <Execution id="ecfbb7c7-cdb0-48b5-823b-24c269645e36" />
      <TestMethod codeBase="C:/Users/PerezJ/Documents/Visual Studio 2010/Projects/ArepaMocks/ArepaMocks.TestWithoutFeatures/bin/Debug/ArepaMocks.TestWithoutFeatures.DLL" adapterTypeName="Microsoft.VisualStudio.TestTools.TestTypes.Unit.UnitTestAdapter, Microsoft.VisualStudio.QualityTools.Tips.UnitTest.Adapter, Version=10.0.0.0, Culture=neutral, PublicKeyToken=b03f5f7f11d50a3a" className="ArepaMocks.TestWithoutFeatures.UnitTest1, ArepaMocks.TestWithoutFeatures, Version=1.0.0.0, Culture=neutral, PublicKeyToken=null" name="TestMethod1" />
    </UnitTest>
    <UnitTest name="AddTwoInvalidNumbers" storage="c:\users\perezj\documents\visual studio 2010\projects\arepamocks\arepamocks.testvaliddocumentationwith2scenario1feature\bin\debug\arepamocks.testvaliddocumentationwith2scenario1feature.dll" id="75ee3a28-140a-c97e-6169-a21d32bbe06c">
      <Execution id="bc86eb0f-575f-43cd-b58a-36fb3601d3a9" />
      <TestMethod codeBase="C:/Users/PerezJ/Documents/Visual Studio 2010/Projects/ArepaMocks/ArepaMocks.TestValidDocumentationWith2Scenario1Feature/bin/Debug/ArepaMocks.TestValidDocumentationWith2Scenario1Feature.DLL" adapterTypeName="Microsoft.VisualStudio.TestTools.TestTypes.Unit.UnitTestAdapter, Microsoft.VisualStudio.QualityTools.Tips.UnitTest.Adapter, Version=10.0.0.0, Culture=neutral, PublicKeyToken=b03f5f7f11d50a3a" className="ArepaMocks.TestValidDocumentationWith2Scenario1Feature.AddTwoNumbers, ArepaMocks.TestValidDocumentationWith2Scenario1Feature, Version=1.0.0.0, Culture=neutral, PublicKeyToken=null" name="AddTwoInvalidNumbers" />
    </UnitTest>
    <UnitTest name="Scenario4" storage="c:\users\perezj\documents\visual studio 2010\projects\arepamocks\arepamocks.testvaliddocumentationfeaturewithoutscenario\bin\debug\arepamocks.testvaliddocumentationfeaturewithoutscenario.dll" id="2da28dce-835e-d9d0-1c9a-cb2798355296">
      <Execution id="4dad9b4a-5704-4afc-95a0-031f7c86c2cd" />
      <TestMethod codeBase="C:/Users/PerezJ/Documents/Visual Studio 2010/Projects/ArepaMocks/ArepaMocks.TestValidDocumentationFeatureWithoutScenario/bin/Debug/ArepaMocks.TestValidDocumentationFeatureWithoutScenario.DLL" adapterTypeName="Microsoft.VisualStudio.TestTools.TestTypes.Unit.UnitTestAdapter, Microsoft.VisualStudio.QualityTools.Tips.UnitTest.Adapter, Version=10.0.0.0, Culture=neutral, PublicKeyToken=b03f5f7f11d50a3a" className="ArepaMocks.TestValidDocumentationFeatureWithoutScenario.FeatureSuccess2, ArepaMocks.TestValidDocumentationFeatureWithoutScenario, Version=1.0.0.0, Culture=neutral, PublicKeyToken=null" name="Scenario4" />
    </UnitTest>
    <UnitTest name="test2" storage="c:\users\perezj\documents\visual studio 2010\projects\arepamocks\arepamocks.testscenarioswithoutfeatures\bin\debug\arepamocks.testscenarioswithoutfeatures.dll" id="e7238e15-0055-2fd5-bb0c-ec3d5ec6e388">
      <Execution id="33226339-96d8-4c96-8ab2-8203e7a773ea" />
      <TestMethod codeBase="C:/Users/PerezJ/Documents/Visual Studio 2010/Projects/ArepaMocks/ArepaMocks.TestScenariosWithoutFeatures/bin/Debug/ArepaMocks.TestScenariosWithoutFeatures.DLL" adapterTypeName="Microsoft.VisualStudio.TestTools.TestTypes.Unit.UnitTestAdapter, Microsoft.VisualStudio.QualityTools.Tips.UnitTest.Adapter, Version=10.0.0.0, Culture=neutral, PublicKeyToken=b03f5f7f11d50a3a" className="ArepaMocks.TestScenariosWithoutFeatures.UnitTest1, ArepaMocks.TestScenariosWithoutFeatures, Version=1.0.0.0, Culture=neutral, PublicKeyToken=null" name="test2" />
    </UnitTest>
    <UnitTest name="Substract_Two_Valid_Numbers" storage="c:\users\perezj\documents\visual studio 2010\projects\arepamocks\arepamocks.testvaliddoc4scenario2featurecaseinsensitive\bin\debug\arepamocks.testvaliddoc4scenario2featurecaseinsensitive.dll" id="669db1ea-c615-3f68-3c18-10d3592b8f75">
      <Execution id="87f1beb7-463a-4dc5-a738-4f8c57967038" />
      <TestMethod codeBase="C:/Users/PerezJ/Documents/Visual Studio 2010/Projects/ArepaMocks/ArepaMocks.TestValidDoc4Scenario2FeatureCaseInsensitive/bin/Debug/ArepaMocks.TestValidDoc4Scenario2FeatureCaseInsensitive.DLL" adapterTypeName="Microsoft.VisualStudio.TestTools.TestTypes.Unit.UnitTestAdapter, Microsoft.VisualStudio.QualityTools.Tips.UnitTest.Adapter, Version=10.0.0.0, Culture=neutral, PublicKeyToken=b03f5f7f11d50a3a" className="ArepaMocks.TestValidDoc4Scenario2FeatureCaseInsensitive.SubstractTwoNumbers, ArepaMocks.TestValidDoc4Scenario2FeatureCaseInsensitive, Version=1.0.0.0, Culture=neutral, PublicKeyToken=null" name="Substract_Two_Valid_Numbers" />
    </UnitTest>
    <UnitTest name="BasicUnitTest1_TestMethod1" storage="c:\users\perezj\documents\visual studio 2010\projects\arepamocks\arepamocks.testvalidtestreport\bin\debug\arepamocks.testvalidtestreport.dll" id="f0324f69-4bc5-f242-304d-1c20cbaa0df4">
      <Execution id="bf98c968-ab73-4c71-bf62-32fa19d56067" />
      <TestMethod codeBase="C:/Users/PerezJ/Documents/Visual Studio 2010/Projects/ArepaMocks/ArepaMocks.TestValidTestReport/bin/Debug/ArepaMocks.TestValidTestReport.DLL" adapterTypeName="Microsoft.VisualStudio.TestTools.TestTypes.Unit.UnitTestAdapter, Microsoft.VisualStudio.QualityTools.Tips.UnitTest.Adapter, Version=10.0.0.0, Culture=neutral, PublicKeyToken=b03f5f7f11d50a3a" className="ArepaMocks.TestValidTestReport.BasicUnitTest1, ArepaMocks.TestValidTestReport, Version=1.0.0.0, Culture=neutral, PublicKeyToken=null" name="BasicUnitTest1_TestMethod1" />
    </UnitTest>
    <UnitTest name="AddTwoInvalidNumbers" storage="c:\users\perezj\documents\visual studio 2010\projects\arepamocks\arepamocks.testvaliddoc4scenario2featurecaseinsensitive\bin\debug\arepamocks.testvaliddoc4scenario2featurecaseinsensitive.dll" id="20977a3a-faa3-fd60-8aab-c673e626336d">
      <Execution id="181cba05-6232-4441-89ca-e704b336e082" />
      <TestMethod codeBase="C:/Users/PerezJ/Documents/Visual Studio 2010/Projects/ArepaMocks/ArepaMocks.TestValidDoc4Scenario2FeatureCaseInsensitive/bin/Debug/ArepaMocks.TestValidDoc4Scenario2FeatureCaseInsensitive.DLL" adapterTypeName="Microsoft.VisualStudio.TestTools.TestTypes.Unit.UnitTestAdapter, Microsoft.VisualStudio.QualityTools.Tips.UnitTest.Adapter, Version=10.0.0.0, Culture=neutral, PublicKeyToken=b03f5f7f11d50a3a" className="ArepaMocks.TestValidDoc4Scenario2FeatureCaseInsensitive.AddTwoNumbers, ArepaMocks.TestValidDoc4Scenario2FeatureCaseInsensitive, Version=1.0.0.0, Culture=neutral, PublicKeyToken=null" name="AddTwoInvalidNumbers" />
    </UnitTest>
    <UnitTest name="Scenario1" storage="c:\users\perezj\documents\visual studio 2010\projects\arepamocks\arepamocks.testvaliddocumentationfeaturewithoutscenario\bin\debug\arepamocks.testvaliddocumentationfeaturewithoutscenario.dll" id="8e60b8b3-dbfc-9a83-636f-4186ce582a21">
      <Execution id="d66f8eeb-ac92-4e64-90d1-dde503611081" />
      <TestMethod codeBase="C:/Users/PerezJ/Documents/Visual Studio 2010/Projects/ArepaMocks/ArepaMocks.TestValidDocumentationFeatureWithoutScenario/bin/Debug/ArepaMocks.TestValidDocumentationFeatureWithoutScenario.DLL" adapterTypeName="Microsoft.VisualStudio.TestTools.TestTypes.Unit.UnitTestAdapter, Microsoft.VisualStudio.QualityTools.Tips.UnitTest.Adapter, Version=10.0.0.0, Culture=neutral, PublicKeyToken=b03f5f7f11d50a3a" className="ArepaMocks.TestValidDocumentationFeatureWithoutScenario.FeatureSuccess1, ArepaMocks.TestValidDocumentationFeatureWithoutScenario, Version=1.0.0.0, Culture=neutral, PublicKeyToken=null" name="Scenario1" />
    </UnitTest>
    <UnitTest name="Add_Two_Valid_Numbers" storage="c:\users\perezj\documents\visual studio 2010\projects\arepamocks\arepamocks.testvaliddoc4scenario2featurecaseinsensitive\bin\debug\arepamocks.testvaliddoc4scenario2featurecaseinsensitive.dll" id="3d82fd8a-6da1-b64c-7df5-1ca074ad6ec7">
      <Execution id="c43f2afd-abdc-4314-8ae8-f46fc83491ee" />
      <TestMethod codeBase="C:/Users/PerezJ/Documents/Visual Studio 2010/Projects/ArepaMocks/ArepaMocks.TestValidDoc4Scenario2FeatureCaseInsensitive/bin/Debug/ArepaMocks.TestValidDoc4Scenario2FeatureCaseInsensitive.DLL" adapterTypeName="Microsoft.VisualStudio.TestTools.TestTypes.Unit.UnitTestAdapter, Microsoft.VisualStudio.QualityTools.Tips.UnitTest.Adapter, Version=10.0.0.0, Culture=neutral, PublicKeyToken=b03f5f7f11d50a3a" className="ArepaMocks.TestValidDoc4Scenario2FeatureCaseInsensitive.AddTwoNumbers, ArepaMocks.TestValidDoc4Scenario2FeatureCaseInsensitive, Version=1.0.0.0, Culture=neutral, PublicKeyToken=null" name="Add_Two_Valid_Numbers" />
    </UnitTest>
    <UnitTest name="Add_Two_Valid_Numbers" storage="c:\users\perezj\documents\visual studio 2010\projects\arepamocks\arepamocks.testvaliddocumentationwith2scenario2feature\bin\debug\arepamocks.testvaliddocumentationwith2scenario2feature.dll" id="4e4ff38c-627d-d847-3c0e-b04629f19c17">
      <Execution id="1239dd45-45b9-4a5b-893f-03c5dc0c627e" />
      <TestMethod codeBase="C:/Users/PerezJ/Documents/Visual Studio 2010/Projects/ArepaMocks/ArepaMocks.TestValidDocumentationWith2Scenario2Feature/bin/Debug/ArepaMocks.TestValidDocumentationWith2Scenario2Feature.DLL" adapterTypeName="Microsoft.VisualStudio.TestTools.TestTypes.Unit.UnitTestAdapter, Microsoft.VisualStudio.QualityTools.Tips.UnitTest.Adapter, Version=10.0.0.0, Culture=neutral, PublicKeyToken=b03f5f7f11d50a3a" className="ArepaMocks.TestValidDocumentationWith2Scenario2Feature.AddTwoNumbers, ArepaMocks.TestValidDocumentationWith2Scenario2Feature, Version=1.0.0.0, Culture=neutral, PublicKeyToken=null" name="Add_Two_Valid_Numbers" />
    </UnitTest>
    <UnitTest name="Add_Two_Valid_Numbers" storage="c:\users\perezj\documents\visual studio 2010\projects\arepamocks\arepamocks.testfeaturewithoutuserstory\bin\debug\arepamocks.testfeaturewithoutuserstory.dll" id="29b452fb-d77c-c708-5b75-46f377427f44">
      <Execution id="fc10bc3d-3631-4e56-b9ac-a8aa4e338f80" />
      <TestMethod codeBase="C:/Users/PerezJ/Documents/Visual Studio 2010/Projects/ArepaMocks/ArepaMocks.TestFeatureWithoutUserStory/bin/Debug/ArepaMocks.TestFeatureWithoutUserStory.DLL" adapterTypeName="Microsoft.VisualStudio.TestTools.TestTypes.Unit.UnitTestAdapter, Microsoft.VisualStudio.QualityTools.Tips.UnitTest.Adapter, Version=10.0.0.0, Culture=neutral, PublicKeyToken=b03f5f7f11d50a3a" className="ArepaMocks.TestFeatureWithoutUserStory.AddTwoNumbers, ArepaMocks.TestFeatureWithoutUserStory, Version=1.0.0.0, Culture=neutral, PublicKeyToken=null" name="Add_Two_Valid_Numbers" />
    </UnitTest>
    <UnitTest name="Scenario3" storage="c:\users\perezj\documents\visual studio 2010\projects\arepamocks\arepamocks.testvalidtestreport\bin\debug\arepamocks.testvalidtestreport.dll" id="b0cb2a6d-e9ec-b5a3-96c6-643f85dd5b2f">
      <Execution id="f82146b4-2072-435d-8b68-7308dbb61aa4" />
      <TestMethod codeBase="C:/Users/PerezJ/Documents/Visual Studio 2010/Projects/ArepaMocks/ArepaMocks.TestValidTestReport/bin/Debug/ArepaMocks.TestValidTestReport.DLL" adapterTypeName="Microsoft.VisualStudio.TestTools.TestTypes.Unit.UnitTestAdapter, Microsoft.VisualStudio.QualityTools.Tips.UnitTest.Adapter, Version=10.0.0.0, Culture=neutral, PublicKeyToken=b03f5f7f11d50a3a" className="ArepaMocks.TestValidTestReport.FeatureSuccess2, ArepaMocks.TestValidTestReport, Version=1.0.0.0, Culture=neutral, PublicKeyToken=null" name="Scenario3" />
    </UnitTest>
    <OrderedTest name="orderedtest1" storage="c:\users\perezj\documents\visual studio 2010\projects\arepamocks\arepamocks.testvalidtestreport\orderedtest1.orderedtest" id="075a59d5-f0a2-417a-844c-efd85c6f4c5f">
      <Execution id="401e584b-3482-4213-ab36-abe72aa02d5e" />
      <TestLinks>
        <TestLink id="f0324f69-4bc5-f242-304d-1c20cbaa0df4" name="BasicUnitTest1_TestMethod1" storage="bin\debug\arepamocks.testvalidtestreport.dll" type="Microsoft.VisualStudio.TestTools.TestTypes.Unit.UnitTestElement, Microsoft.VisualStudio.QualityTools.Tips.UnitTest.ObjectModel, Version=10.0.0.0, Culture=neutral, PublicKeyToken=b03f5f7f11d50a3a" />
        <TestLink id="80170f90-7016-0f25-5f27-1b5857414de8" name="CodedUITestMethod1" storage="bin\debug\arepamocks.testvalidtestreport.dll" type="Microsoft.VisualStudio.TestTools.TestTypes.Unit.UnitTestElement, Microsoft.VisualStudio.QualityTools.Tips.UnitTest.ObjectModel, Version=10.0.0.0, Culture=neutral, PublicKeyToken=b03f5f7f11d50a3a" />
        <TestLink id="46df5543-d943-eaba-14dd-e93f5bc99d2d" name="Scenario1" storage="bin\debug\arepamocks.testvalidtestreport.dll" type="Microsoft.VisualStudio.TestTools.TestTypes.Unit.UnitTestElement, Microsoft.VisualStudio.QualityTools.Tips.UnitTest.ObjectModel, Version=10.0.0.0, Culture=neutral, PublicKeyToken=b03f5f7f11d50a3a" />
        <TestLink id="9b77ea79-a5be-7b12-a6aa-bd79011c7986" name="Scenario2" storage="bin\debug\arepamocks.testvalidtestreport.dll" type="Microsoft.VisualStudio.TestTools.TestTypes.Unit.UnitTestElement, Microsoft.VisualStudio.QualityTools.Tips.UnitTest.ObjectModel, Version=10.0.0.0, Culture=neutral, PublicKeyToken=b03f5f7f11d50a3a" />
        <TestLink id="b0cb2a6d-e9ec-b5a3-96c6-643f85dd5b2f" name="Scenario3" storage="bin\debug\arepamocks.testvalidtestreport.dll" type="Microsoft.VisualStudio.TestTools.TestTypes.Unit.UnitTestElement, Microsoft.VisualStudio.QualityTools.Tips.UnitTest.ObjectModel, Version=10.0.0.0, Culture=neutral, PublicKeyToken=b03f5f7f11d50a3a" />
        <TestLink id="62a482b3-9479-57fa-623b-ef77aef9b591" name="Scenario4" storage="bin\debug\arepamocks.testvalidtestreport.dll" type="Microsoft.VisualStudio.TestTools.TestTypes.Unit.UnitTestElement, Microsoft.VisualStudio.QualityTools.Tips.UnitTest.ObjectModel, Version=10.0.0.0, Culture=neutral, PublicKeyToken=b03f5f7f11d50a3a" />
      </TestLinks>
    </OrderedTest>
    <UnitTest name="TestMethod1" storage="c:\users\perezj\documents\visual studio 2010\projects\arepamocks\vbproject\bin\debug\vbproject.dll" id="c0d96248-e354-0d11-8af5-815f553cf83e">
      <Execution id="7e30c425-955e-45ff-a8d5-ecb5e39d51a6" />
      <TestMethod codeBase="C:/Users/PerezJ/Documents/Visual Studio 2010/Projects/ArepaMocks/VbProject/bin/Debug/VbProject.DLL" adapterTypeName="Microsoft.VisualStudio.TestTools.TestTypes.Unit.UnitTestAdapter, Microsoft.VisualStudio.QualityTools.Tips.UnitTest.Adapter, Version=10.0.0.0, Culture=neutral, PublicKeyToken=b03f5f7f11d50a3a" className="VbProject.UnitTest1, VbProject, Version=1.0.0.0, Culture=neutral, PublicKeyToken=null" name="TestMethod1" />
    </UnitTest>
    <UnitTest name="TestMethod1" storage="c:\users\perezj\documents\visual studio 2010\projects\arepamocks\arepamocks.testvaliddocumentationfeaturewithoutscenario\bin\debug\arepamocks.testvaliddocumentationfeaturewithoutscenario.dll" id="df64b68c-6864-5ccd-996b-e2846291fefe">
      <Execution id="97e72f52-4a1d-47cc-829f-37f5b3a4a0ff" />
      <TestMethod codeBase="C:/Users/PerezJ/Documents/Visual Studio 2010/Projects/ArepaMocks/ArepaMocks.TestValidDocumentationFeatureWithoutScenario/bin/Debug/ArepaMocks.TestValidDocumentationFeatureWithoutScenario.DLL" adapterTypeName="Microsoft.VisualStudio.TestTools.TestTypes.Unit.UnitTestAdapter, Microsoft.VisualStudio.QualityTools.Tips.UnitTest.Adapter, Version=10.0.0.0, Culture=neutral, PublicKeyToken=b03f5f7f11d50a3a" className="ArepaMocks.TestValidDocumentationFeatureWithoutScenario.FeatureWithoutScenario1, ArepaMocks.TestValidDocumentationFeatureWithoutScenario, Version=1.0.0.0, Culture=neutral, PublicKeyToken=null" name="TestMethod1" />
    </UnitTest>
    <UnitTest name="SubstractTwoInvalidNumbers" storage="c:\users\perezj\documents\visual studio 2010\projects\arepamocks\arepamocks.testvaliddoc4scenario2featurecaseinsensitive\bin\debug\arepamocks.testvaliddoc4scenario2featurecaseinsensitive.dll" id="059b1ea1-f118-1680-f4fa-12593bac29be">
      <Execution id="ff1c5e93-58f7-4135-aa9f-157e199ba7cb" />
      <TestMethod codeBase="C:/Users/PerezJ/Documents/Visual Studio 2010/Projects/ArepaMocks/ArepaMocks.TestValidDoc4Scenario2FeatureCaseInsensitive/bin/Debug/ArepaMocks.TestValidDoc4Scenario2FeatureCaseInsensitive.DLL" adapterTypeName="Microsoft.VisualStudio.TestTools.TestTypes.Unit.UnitTestAdapter, Microsoft.VisualStudio.QualityTools.Tips.UnitTest.Adapter, Version=10.0.0.0, Culture=neutral, PublicKeyToken=b03f5f7f11d50a3a" className="ArepaMocks.TestValidDoc4Scenario2FeatureCaseInsensitive.SubstractTwoNumbers, ArepaMocks.TestValidDoc4Scenario2FeatureCaseInsensitive, Version=1.0.0.0, Culture=neutral, PublicKeyToken=null" name="SubstractTwoInvalidNumbers" />
    </UnitTest>
    <UnitTest name="TestMethod1" storage="c:\users\perezj\documents\visual studio 2010\projects\arepamocks\arepamocks.testcprojectwithoutdocumentation\bin\debug\arepamocks.testcprojectwithoutdocumentation.dll" id="33b7e33f-36ba-06a7-3f37-d59b5cddecd7">
      <Execution id="9b8ab48a-e8b2-4d29-9f80-4d3c4539e1d8" />
      <TestMethod codeBase="C:/Users/PerezJ/Documents/Visual Studio 2010/Projects/ArepaMocks/ArepaMocks.TestCProjectWithoutDocumentation/bin/Debug/ArepaMocks.TestCProjectWithoutDocumentation.DLL" adapterTypeName="Microsoft.VisualStudio.TestTools.TestTypes.Unit.UnitTestAdapter, Microsoft.VisualStudio.QualityTools.Tips.UnitTest.Adapter, Version=10.0.0.0, Culture=neutral, PublicKeyToken=b03f5f7f11d50a3a" className="ArepaMocks.TestCProjectWithoutDocumentation.UnitTest1, ArepaMocks.TestCProjectWithoutDocumentation, Version=1.0.0.0, Culture=neutral, PublicKeyToken=null" name="TestMethod1" />
    </UnitTest>
    <UnitTest name="TestMethod1" storage="c:\users\perezj\documents\visual studio 2010\projects\arepamocks\arepamocks.testscenariowithoutscenariodescription\bin\debug\arepamocks.testscenariowithoutscenariodescription.dll" id="73b9d50c-5c76-d75d-5ada-53783dcf94e9">
      <Execution id="7de05ac1-d6ca-4272-b17e-58f1e1f8cbc2" />
      <TestMethod codeBase="C:/Users/PerezJ/Documents/Visual Studio 2010/Projects/ArepaMocks/ArepaMocks.TestScenarioWithoutScenarioDescription/bin/Debug/ArepaMocks.TestScenarioWithoutScenarioDescription.DLL" adapterTypeName="Microsoft.VisualStudio.TestTools.TestTypes.Unit.UnitTestAdapter, Microsoft.VisualStudio.QualityTools.Tips.UnitTest.Adapter, Version=10.0.0.0, Culture=neutral, PublicKeyToken=b03f5f7f11d50a3a" className="ArepaMocks.TestScenarioWithoutScenarioDescription.UnitTest1, ArepaMocks.TestScenarioWithoutScenarioDescription, Version=1.0.0.0, Culture=neutral, PublicKeyToken=null" name="TestMethod1" />
    </UnitTest>
    <UnitTest name="SubstractTwoInvalidNumbers" storage="c:\users\perezj\documents\visual studio 2010\projects\arepamocks\arepamocks.testvaliddocumentationwith4scenario2feature\bin\debug\arepamocks.testvaliddocumentationwith4scenario2feature.dll" id="5e2b40b7-e800-ba73-c128-af3843db1df8">
      <Execution id="f43b8a72-7378-48f4-9dd7-7554ce99ab4d" />
      <TestMethod codeBase="C:/Users/PerezJ/Documents/Visual Studio 2010/Projects/ArepaMocks/ArepaMocks.TestValidDocumentationWith4Scenario2Feature/bin/Debug/ArepaMocks.TestValidDocumentationWith4Scenario2Feature.DLL" adapterTypeName="Microsoft.VisualStudio.TestTools.TestTypes.Unit.UnitTestAdapter, Microsoft.VisualStudio.QualityTools.Tips.UnitTest.Adapter, Version=10.0.0.0, Culture=neutral, PublicKeyToken=b03f5f7f11d50a3a" className="ArepaMocks.TestValidDocumentationWith4Scenario2Feature.SubstractTwoNumbers, ArepaMocks.TestValidDocumentationWith4Scenario2Feature, Version=1.0.0.0, Culture=neutral, PublicKeyToken=null" name="SubstractTwoInvalidNumbers" />
    </UnitTest>
    <UnitTest name="Add_Two_Valid_Numbers" storage="c:\users\perezj\documents\visual studio 2010\projects\arepamocks\arepamocks.testvaliddocumentationwith4scenario2feature\bin\debug\arepamocks.testvaliddocumentationwith4scenario2feature.dll" id="f966436a-0bd9-13dd-9c71-0a70a4fc6e3b">
      <Execution id="6b607443-6f02-4673-803c-9e3732ec0f09" />
      <TestMethod codeBase="C:/Users/PerezJ/Documents/Visual Studio 2010/Projects/ArepaMocks/ArepaMocks.TestValidDocumentationWith4Scenario2Feature/bin/Debug/ArepaMocks.TestValidDocumentationWith4Scenario2Feature.DLL" adapterTypeName="Microsoft.VisualStudio.TestTools.TestTypes.Unit.UnitTestAdapter, Microsoft.VisualStudio.QualityTools.Tips.UnitTest.Adapter, Version=10.0.0.0, Culture=neutral, PublicKeyToken=b03f5f7f11d50a3a" className="ArepaMocks.TestValidDocumentationWith4Scenario2Feature.AddTwoNumbers, ArepaMocks.TestValidDocumentationWith4Scenario2Feature, Version=1.0.0.0, Culture=neutral, PublicKeyToken=null" name="Add_Two_Valid_Numbers" />
    </UnitTest>
    <UnitTest name="Scenario4" storage="c:\users\perezj\documents\visual studio 2010\projects\arepamocks\arepamocks.testvalidtestreport\bin\debug\arepamocks.testvalidtestreport.dll" id="62a482b3-9479-57fa-623b-ef77aef9b591">
      <Execution id="82a03f98-a1c0-4aa5-ab4b-9ab8e4092f90" />
      <TestMethod codeBase="C:/Users/PerezJ/Documents/Visual Studio 2010/Projects/ArepaMocks/ArepaMocks.TestValidTestReport/bin/Debug/ArepaMocks.TestValidTestReport.DLL" adapterTypeName="Microsoft.VisualStudio.TestTools.TestTypes.Unit.UnitTestAdapter, Microsoft.VisualStudio.QualityTools.Tips.UnitTest.Adapter, Version=10.0.0.0, Culture=neutral, PublicKeyToken=b03f5f7f11d50a3a" className="ArepaMocks.TestValidTestReport.FeatureSuccess2, ArepaMocks.TestValidTestReport, Version=1.0.0.0, Culture=neutral, PublicKeyToken=null" name="Scenario4" />
    </UnitTest>
    <UnitTest name="Scenario3" storage="c:\users\perezj\documents\visual studio 2010\projects\arepamocks\arepamocks.testscenarioswithoutfeatures\bin\debug\arepamocks.testscenarioswithoutfeatures.dll" id="58edd250-7ba2-10c0-bf35-d3ae8ae86bfb">
      <Execution id="8a3afb6b-e41a-4a16-8428-19641a0846d0" />
      <TestMethod codeBase="C:/Users/PerezJ/Documents/Visual Studio 2010/Projects/ArepaMocks/ArepaMocks.TestScenariosWithoutFeatures/bin/Debug/ArepaMocks.TestScenariosWithoutFeatures.DLL" adapterTypeName="Microsoft.VisualStudio.TestTools.TestTypes.Unit.UnitTestAdapter, Microsoft.VisualStudio.QualityTools.Tips.UnitTest.Adapter, Version=10.0.0.0, Culture=neutral, PublicKeyToken=b03f5f7f11d50a3a" className="ArepaMocks.TestScenariosWithoutFeatures.FeatureSuccess2, ArepaMocks.TestScenariosWithoutFeatures, Version=1.0.0.0, Culture=neutral, PublicKeyToken=null" name="Scenario3" />
    </UnitTest>
    <UnitTest name="TestMethod1" storage="c:\users\perezj\documents\visual studio 2010\projects\arepamocks\arepamocks.testscenarioswithoutfeatures\bin\debug\arepamocks.testscenarioswithoutfeatures.dll" id="d358fe17-93fe-9c85-fb17-0e3eb3886e86">
      <Execution id="241ad526-f6c3-4f2a-be49-63ffbeb9cf94" />
      <TestMethod codeBase="C:/Users/PerezJ/Documents/Visual Studio 2010/Projects/ArepaMocks/ArepaMocks.TestScenariosWithoutFeatures/bin/Debug/ArepaMocks.TestScenariosWithoutFeatures.DLL" adapterTypeName="Microsoft.VisualStudio.TestTools.TestTypes.Unit.UnitTestAdapter, Microsoft.VisualStudio.QualityTools.Tips.UnitTest.Adapter, Version=10.0.0.0, Culture=neutral, PublicKeyToken=b03f5f7f11d50a3a" className="ArepaMocks.TestScenariosWithoutFeatures.FeatureSuccess2, ArepaMocks.TestScenariosWithoutFeatures, Version=1.0.0.0, Culture=neutral, PublicKeyToken=null" name="TestMethod1" />
    </UnitTest>
    <UnitTest name="Add_Two_Valid_Numbers" storage="c:\users\perezj\documents\visual studio 2010\projects\arepamocks\arepamocks.testvaliddocumentationwith1scenario1feature\bin\debug\arepamocks.testvaliddocumentationwith1scenario1feature.dll" id="5d764b1f-88d6-b635-058c-046dac360df9">
      <Execution id="167ab1c2-fa2d-4b04-9bd1-8f41083ad77c" />
      <TestMethod codeBase="C:/Users/PerezJ/Documents/Visual Studio 2010/Projects/ArepaMocks/ArepaMocks.TestValidDocumentationWith1Scenario1Feature/bin/Debug/ArepaMocks.TestValidDocumentationWith1Scenario1Feature.DLL" adapterTypeName="Microsoft.VisualStudio.TestTools.TestTypes.Unit.UnitTestAdapter, Microsoft.VisualStudio.QualityTools.Tips.UnitTest.Adapter, Version=10.0.0.0, Culture=neutral, PublicKeyToken=b03f5f7f11d50a3a" className="ArepaMocks.TestValidDocumentationWith1Scenario1Feature.AddTwoNumbers, ArepaMocks.TestValidDocumentationWith1Scenario1Feature, Version=1.0.0.0, Culture=neutral, PublicKeyToken=null" name="Add_Two_Valid_Numbers" />
    </UnitTest>
    <UnitTest name="Add_Two_Valid_Numbers" storage="c:\users\perezj\documents\visual studio 2010\projects\arepamocks\arepamocks.testwithoutscenarios\bin\debug\arepamocks.testwithoutscenarios.dll" id="270a1b7d-04ce-2380-2f3a-9f6596bbcc96">
      <Execution id="6cc54c97-a9e5-427a-87e1-ea22bb619044" />
      <TestMethod codeBase="C:/Users/PerezJ/Documents/Visual Studio 2010/Projects/ArepaMocks/ArepaMocks.TestWithoutScenarios/bin/Debug/ArepaMocks.TestWithoutScenarios.DLL" adapterTypeName="Microsoft.VisualStudio.TestTools.TestTypes.Unit.UnitTestAdapter, Microsoft.VisualStudio.QualityTools.Tips.UnitTest.Adapter, Version=10.0.0.0, Culture=neutral, PublicKeyToken=b03f5f7f11d50a3a" className="ArepaMocks.TestWithoutScenarios.AddTwoNumbers, ArepaMocks.TestWithoutScenarios, Version=1.0.0.0, Culture=neutral, PublicKeyToken=null" name="Add_Two_Valid_Numbers" />
    </UnitTest>
    <UnitTest name="Substract_Two_Valid_Numbers" storage="c:\users\perezj\documents\visual studio 2010\projects\arepamocks\arepamocks.testvaliddocumentationwith2scenario2feature\bin\debug\arepamocks.testvaliddocumentationwith2scenario2feature.dll" id="b919b3e1-51ab-b3b9-015a-35381bebbd11">
      <Execution id="69a71b30-5259-48fc-b389-ac3d91182e46" />
      <TestMethod codeBase="C:/Users/PerezJ/Documents/Visual Studio 2010/Projects/ArepaMocks/ArepaMocks.TestValidDocumentationWith2Scenario2Feature/bin/Debug/ArepaMocks.TestValidDocumentationWith2Scenario2Feature.DLL" adapterTypeName="Microsoft.VisualStudio.TestTools.TestTypes.Unit.UnitTestAdapter, Microsoft.VisualStudio.QualityTools.Tips.UnitTest.Adapter, Version=10.0.0.0, Culture=neutral, PublicKeyToken=b03f5f7f11d50a3a" className="ArepaMocks.TestValidDocumentationWith2Scenario2Feature.SubstractTwoNumbers, ArepaMocks.TestValidDocumentationWith2Scenario2Feature, Version=1.0.0.0, Culture=neutral, PublicKeyToken=null" name="Substract_Two_Valid_Numbers" />
    </UnitTest>
    <UnitTest name="TestMethod1" storage="c:\users\perezj\documents\visual studio 2010\projects\arepamocks\arepamocks.testvaliddocumentationfeaturewithoutscenario\bin\debug\arepamocks.testvaliddocumentationfeaturewithoutscenario.dll" id="301bb986-160b-de3e-6be8-6e65fc2dd78b">
      <Execution id="bf9ba0e0-ef2b-4dc1-9381-1528b8b78451" />
      <TestMethod codeBase="C:/Users/PerezJ/Documents/Visual Studio 2010/Projects/ArepaMocks/ArepaMocks.TestValidDocumentationFeatureWithoutScenario/bin/Debug/ArepaMocks.TestValidDocumentationFeatureWithoutScenario.DLL" adapterTypeName="Microsoft.VisualStudio.TestTools.TestTypes.Unit.UnitTestAdapter, Microsoft.VisualStudio.QualityTools.Tips.UnitTest.Adapter, Version=10.0.0.0, Culture=neutral, PublicKeyToken=b03f5f7f11d50a3a" className="ArepaMocks.TestValidDocumentationFeatureWithoutScenario.FeatureSuccess2, ArepaMocks.TestValidDocumentationFeatureWithoutScenario, Version=1.0.0.0, Culture=neutral, PublicKeyToken=null" name="TestMethod1" />
    </UnitTest>
    <UnitTest name="CodedUITestMethod1" storage="c:\users\perezj\documents\visual studio 2010\projects\arepamocks\arepamocks.testvalidtestreport\bin\debug\arepamocks.testvalidtestreport.dll" id="80170f90-7016-0f25-5f27-1b5857414de8">
      <Execution id="0c5030d2-0f27-404a-8cdf-31163196649b" />
      <TestMethod codeBase="C:/Users/PerezJ/Documents/Visual Studio 2010/Projects/ArepaMocks/ArepaMocks.TestValidTestReport/bin/Debug/ArepaMocks.TestValidTestReport.DLL" adapterTypeName="Microsoft.VisualStudio.TestTools.TestTypes.Unit.UnitTestAdapter, Microsoft.VisualStudio.QualityTools.Tips.UnitTest.Adapter, Version=10.0.0.0, Culture=neutral, PublicKeyToken=b03f5f7f11d50a3a" className="ArepaMocks.TestValidTestReport.CodedUITest1, ArepaMocks.TestValidTestReport, Version=1.0.0.0, Culture=neutral, PublicKeyToken=null" name="CodedUITestMethod1" />
      <Extension>Microsoft.VisualStudio.TestTools.UITesting.CodedUITestAttribute, Microsoft.VisualStudio.QualityTools.CodedUITestFramework, Version=10.0.0.0, Culture=neutral, PublicKeyToken=b03f5f7f11d50a3a</Extension>
    </UnitTest>
    <UnitTest name="TestMethod1" storage="c:\users\perezj\documents\visual studio 2010\projects\arepamocks\arepamocks.testvaliddocumentationwith4scenario2feature\bin\debug\arepamocks.testvaliddocumentationwith4scenario2feature.dll" id="220fdab0-15c6-f386-3de6-e82960889e1d">
      <Execution id="34232afa-1fa2-469c-babc-035bdff93d48" />
      <TestMethod codeBase="C:/Users/PerezJ/Documents/Visual Studio 2010/Projects/ArepaMocks/ArepaMocks.TestValidDocumentationWith4Scenario2Feature/bin/Debug/ArepaMocks.TestValidDocumentationWith4Scenario2Feature.DLL" adapterTypeName="Microsoft.VisualStudio.TestTools.TestTypes.Unit.UnitTestAdapter, Microsoft.VisualStudio.QualityTools.Tips.UnitTest.Adapter, Version=10.0.0.0, Culture=neutral, PublicKeyToken=b03f5f7f11d50a3a" className="ArepaMocks.TestValidDocumentationWith4Scenario2Feature.UnitTest1, ArepaMocks.TestValidDocumentationWith4Scenario2Feature, Version=1.0.0.0, Culture=neutral, PublicKeyToken=null" name="TestMethod1" />
    </UnitTest>
    <UnitTest name="Add_Two_Valid_Numbers" storage="c:\users\perezj\documents\visual studio 2010\projects\arepamocks\arepamocks.testfeaturewithremarksbutnotuserstory\bin\debug\arepamocks.testfeaturewithremarksbutnotuserstory.dll" id="6b53ec9c-dea4-cf64-0826-58f40eb4b8f4">
      <Execution id="78baffb8-26b8-40c3-99e1-b146d4f6211c" />
      <TestMethod codeBase="C:/Users/PerezJ/Documents/Visual Studio 2010/Projects/ArepaMocks/ArepaMocks.TestFeatureWithRemarksButNotUserStory/bin/Debug/ArepaMocks.TestFeatureWithRemarksButNotUserStory.DLL" adapterTypeName="Microsoft.VisualStudio.TestTools.TestTypes.Unit.UnitTestAdapter, Microsoft.VisualStudio.QualityTools.Tips.UnitTest.Adapter, Version=10.0.0.0, Culture=neutral, PublicKeyToken=b03f5f7f11d50a3a" className="ArepaMocks.TestFeatureWithRemarksButNotUserStory.AddTwoNumbers, ArepaMocks.TestFeatureWithRemarksButNotUserStory, Version=1.0.0.0, Culture=neutral, PublicKeyToken=null" name="Add_Two_Valid_Numbers" />
    </UnitTest>
    <UnitTest name="Add_Two_Valid_Numbers" storage="c:\users\perezj\documents\visual studio 2010\projects\arepamocks\arepamocks.testscenariowithoutscenariodescription\bin\debug\arepamocks.testscenariowithoutscenariodescription.dll" id="e9f50201-915b-6e37-43ee-d973c4d3e647">
      <Execution id="74438a31-af5d-47e4-b5af-b106d86d082d" />
      <TestMethod codeBase="C:/Users/PerezJ/Documents/Visual Studio 2010/Projects/ArepaMocks/ArepaMocks.TestScenarioWithoutScenarioDescription/bin/Debug/ArepaMocks.TestScenarioWithoutScenarioDescription.DLL" adapterTypeName="Microsoft.VisualStudio.TestTools.TestTypes.Unit.UnitTestAdapter, Microsoft.VisualStudio.QualityTools.Tips.UnitTest.Adapter, Version=10.0.0.0, Culture=neutral, PublicKeyToken=b03f5f7f11d50a3a" className="ArepaMocks.TestScenarioWithoutScenarioDescription.AddTwoNumbers, ArepaMocks.TestScenarioWithoutScenarioDescription, Version=1.0.0.0, Culture=neutral, PublicKeyToken=null" name="Add_Two_Valid_Numbers" />
    </UnitTest>
    <UnitTest name="TestMethod1" storage="c:\users\perezj\documents\visual studio 2010\projects\arepamocks\arepamocks.testscenariowithouttitle\bin\debug\arepamocks.testscenariowithouttitle.dll" id="eaf93fa8-06b2-f409-ef99-37603111e0cb">
      <Execution id="a127c725-c01a-4313-8437-7ba220de202c" />
      <TestMethod codeBase="C:/Users/PerezJ/Documents/Visual Studio 2010/Projects/ArepaMocks/ArepaMocks.TestScenarioWithoutTitle/bin/Debug/ArepaMocks.TestScenarioWithoutTitle.DLL" adapterTypeName="Microsoft.VisualStudio.TestTools.TestTypes.Unit.UnitTestAdapter, Microsoft.VisualStudio.QualityTools.Tips.UnitTest.Adapter, Version=10.0.0.0, Culture=neutral, PublicKeyToken=b03f5f7f11d50a3a" className="ArepaMocks.TestScenarioWithoutTitle.UnitTest1, ArepaMocks.TestScenarioWithoutTitle, Version=1.0.0.0, Culture=neutral, PublicKeyToken=null" name="TestMethod1" />
    </UnitTest>
    <UnitTest name="TestMethod1" storage="c:\users\perezj\documents\visual studio 2010\projects\arepamocks\arepamocks.testvalidtestreport\bin\debug\arepamocks.testvalidtestreport.dll" id="36c0a8a5-cc1e-8954-dec6-98276437491e">
      <Execution id="17bf210b-6c7f-448d-97f8-abc41ac629db" />
      <TestMethod codeBase="C:/Users/PerezJ/Documents/Visual Studio 2010/Projects/ArepaMocks/ArepaMocks.TestValidTestReport/bin/Debug/ArepaMocks.TestValidTestReport.DLL" adapterTypeName="Microsoft.VisualStudio.TestTools.TestTypes.Unit.UnitTestAdapter, Microsoft.VisualStudio.QualityTools.Tips.UnitTest.Adapter, Version=10.0.0.0, Culture=neutral, PublicKeyToken=b03f5f7f11d50a3a" className="ArepaMocks.TestValidTestReport.FeatureSuccess1, ArepaMocks.TestValidTestReport, Version=1.0.0.0, Culture=neutral, PublicKeyToken=null" name="TestMethod1" />
    </UnitTest>
    <UnitTest name="Add_Two_Valid_Numbers" storage="c:\users\perezj\documents\visual studio 2010\projects\arepamocks\arepamocks.testfeaturewithouttitle\bin\debug\arepamocks.testfeaturewithouttitle.dll" id="e073322d-9e45-7c33-0699-bc95b7ec4e5b">
      <Execution id="bb545a9f-b3ef-433f-a741-6992f7b10520" />
      <TestMethod codeBase="C:/Users/PerezJ/Documents/Visual Studio 2010/Projects/ArepaMocks/ArepaMocks.TestFeatureWithoutTitle/bin/Debug/ArepaMocks.TestFeatureWithoutTitle.DLL" adapterTypeName="Microsoft.VisualStudio.TestTools.TestTypes.Unit.UnitTestAdapter, Microsoft.VisualStudio.QualityTools.Tips.UnitTest.Adapter, Version=10.0.0.0, Culture=neutral, PublicKeyToken=b03f5f7f11d50a3a" className="ArepaMocks.TestFeatureWithoutTitle.AddTwoNumbers, ArepaMocks.TestFeatureWithoutTitle, Version=1.0.0.0, Culture=neutral, PublicKeyToken=null" name="Add_Two_Valid_Numbers" />
    </UnitTest>
    <UnitTest name="Scenario2" storage="c:\users\perezj\documents\visual studio 2010\projects\arepamocks\arepamocks.testvaliddocumentationfeaturewithoutscenario\bin\debug\arepamocks.testvaliddocumentationfeaturewithoutscenario.dll" id="bffc2abf-2381-8551-e54b-842644abd937">
      <Execution id="7383f708-05cc-48a3-a33c-08a8e4a7e1f4" />
      <TestMethod codeBase="C:/Users/PerezJ/Documents/Visual Studio 2010/Projects/ArepaMocks/ArepaMocks.TestValidDocumentationFeatureWithoutScenario/bin/Debug/ArepaMocks.TestValidDocumentationFeatureWithoutScenario.DLL" adapterTypeName="Microsoft.VisualStudio.TestTools.TestTypes.Unit.UnitTestAdapter, Microsoft.VisualStudio.QualityTools.Tips.UnitTest.Adapter, Version=10.0.0.0, Culture=neutral, PublicKeyToken=b03f5f7f11d50a3a" className="ArepaMocks.TestValidDocumentationFeatureWithoutScenario.FeatureSuccess1, ArepaMocks.TestValidDocumentationFeatureWithoutScenario, Version=1.0.0.0, Culture=neutral, PublicKeyToken=null" name="Scenario2" />
    </UnitTest>
    <UnitTest name="Scenario4" storage="c:\users\perezj\documents\visual studio 2010\projects\arepamocks\arepamocks.testscenarioswithoutfeatures\bin\debug\arepamocks.testscenarioswithoutfeatures.dll" id="f5d24bc5-af65-8cca-c477-2e1bf86f6b9b">
      <Execution id="137837bf-8fd5-40bc-a8c8-6d66451ac964" />
      <TestMethod codeBase="C:/Users/PerezJ/Documents/Visual Studio 2010/Projects/ArepaMocks/ArepaMocks.TestScenariosWithoutFeatures/bin/Debug/ArepaMocks.TestScenariosWithoutFeatures.DLL" adapterTypeName="Microsoft.VisualStudio.TestTools.TestTypes.Unit.UnitTestAdapter, Microsoft.VisualStudio.QualityTools.Tips.UnitTest.Adapter, Version=10.0.0.0, Culture=neutral, PublicKeyToken=b03f5f7f11d50a3a" className="ArepaMocks.TestScenariosWithoutFeatures.FeatureSuccess2, ArepaMocks.TestScenariosWithoutFeatures, Version=1.0.0.0, Culture=neutral, PublicKeyToken=null" name="Scenario4" />
    </UnitTest>
    <UnitTest name="TestMethod1" storage="c:\users\perezj\documents\visual studio 2010\projects\arepamocks\arepamocks\bin\debug\arepamocks.dll" id="708b47bb-5d42-796d-68ce-f45e60f8bf90">
      <Execution id="28488abd-004b-439c-899e-09bf50805e7d" />
      <TestMethod codeBase="C:/Users/PerezJ/Documents/Visual Studio 2010/Projects/ArepaMocks/ArepaMocks/bin/Debug/ArepaMocks.DLL" adapterTypeName="Microsoft.VisualStudio.TestTools.TestTypes.Unit.UnitTestAdapter, Microsoft.VisualStudio.QualityTools.Tips.UnitTest.Adapter, Version=10.0.0.0, Culture=neutral, PublicKeyToken=b03f5f7f11d50a3a" className="ArepaMocks.UnitTest1, ArepaMocks, Version=1.0.0.0, Culture=neutral, PublicKeyToken=null" name="TestMethod1" />
    </UnitTest>
    <UnitTest name="Scenario3" storage="c:\users\perezj\documents\visual studio 2010\projects\arepamocks\arepamocks.testvaliddocumentationfeaturewithoutscenario\bin\debug\arepamocks.testvaliddocumentationfeaturewithoutscenario.dll" id="47b6b505-9cc7-a4cb-a353-5fba6b8cf818">
      <Execution id="24fca8f7-ab75-416f-89e0-472a451a542d" />
      <TestMethod codeBase="C:/Users/PerezJ/Documents/Visual Studio 2010/Projects/ArepaMocks/ArepaMocks.TestValidDocumentationFeatureWithoutScenario/bin/Debug/ArepaMocks.TestValidDocumentationFeatureWithoutScenario.DLL" adapterTypeName="Microsoft.VisualStudio.TestTools.TestTypes.Unit.UnitTestAdapter, Microsoft.VisualStudio.QualityTools.Tips.UnitTest.Adapter, Version=10.0.0.0, Culture=neutral, PublicKeyToken=b03f5f7f11d50a3a" className="ArepaMocks.TestValidDocumentationFeatureWithoutScenario.FeatureSuccess2, ArepaMocks.TestValidDocumentationFeatureWithoutScenario, Version=1.0.0.0, Culture=neutral, PublicKeyToken=null" name="Scenario3" />
    </UnitTest>
    <UnitTest name="Add_Two_Valid_Numbers" storage="c:\users\perezj\documents\visual studio 2010\projects\arepamocks\arepamocks.testvaliddocumentationwith2scenario1feature\bin\debug\arepamocks.testvaliddocumentationwith2scenario1feature.dll" id="ee12da24-478e-249b-a639-9801145d8983">
      <Execution id="e3d13a6e-8fdf-4209-a17b-a7f0aaa0a271" />
      <TestMethod codeBase="C:/Users/PerezJ/Documents/Visual Studio 2010/Projects/ArepaMocks/ArepaMocks.TestValidDocumentationWith2Scenario1Feature/bin/Debug/ArepaMocks.TestValidDocumentationWith2Scenario1Feature.DLL" adapterTypeName="Microsoft.VisualStudio.TestTools.TestTypes.Unit.UnitTestAdapter, Microsoft.VisualStudio.QualityTools.Tips.UnitTest.Adapter, Version=10.0.0.0, Culture=neutral, PublicKeyToken=b03f5f7f11d50a3a" className="ArepaMocks.TestValidDocumentationWith2Scenario1Feature.AddTwoNumbers, ArepaMocks.TestValidDocumentationWith2Scenario1Feature, Version=1.0.0.0, Culture=neutral, PublicKeyToken=null" name="Add_Two_Valid_Numbers" />
    </UnitTest>
    <UnitTest name="TestMethod1" storage="c:\users\perezj\documents\visual studio 2010\projects\arepamocks\arepamocks.testscenariowithremarksbutnotscenariodesc\bin\debug\arepamocks.testscenariowithremarksbutnotscenariodesc.dll" id="ae1b68a0-1a14-db91-0b3b-a40df1894a93">
      <Execution id="d83a5c8b-d597-4839-8c81-86becdc25057" />
      <TestMethod codeBase="C:/Users/PerezJ/Documents/Visual Studio 2010/Projects/ArepaMocks/ArepaMocks.TestScenarioWithRemarksButNotScenarioDesc/bin/Debug/ArepaMocks.TestScenarioWithRemarksButNotScenarioDesc.DLL" adapterTypeName="Microsoft.VisualStudio.TestTools.TestTypes.Unit.UnitTestAdapter, Microsoft.VisualStudio.QualityTools.Tips.UnitTest.Adapter, Version=10.0.0.0, Culture=neutral, PublicKeyToken=b03f5f7f11d50a3a" className="ArepaMocks.TestScenarioWithRemarksButNotScenarioDesc.UnitTest1, ArepaMocks.TestScenarioWithRemarksButNotScenarioDesc, Version=1.0.0.0, Culture=neutral, PublicKeyToken=null" name="TestMethod1" />
    </UnitTest>
  </TestDefinitions>
  <TestLists>
    <TestList name="Results Not in a List" id="8c84fa94-04c1-424b-9868-57a2d4851a1d" />
    <TestList name="All Loaded Results" id="19431567-8539-422a-85d7-44ee4e166bda" />
  </TestLists>
  <TestEntries>
    <TestEntry testId="059b1ea1-f118-1680-f4fa-12593bac29be" executionId="ff1c5e93-58f7-4135-aa9f-157e199ba7cb" testListId="8c84fa94-04c1-424b-9868-57a2d4851a1d" />
    <TestEntry testId="075a59d5-f0a2-417a-844c-efd85c6f4c5f" executionId="401e584b-3482-4213-ab36-abe72aa02d5e" testListId="8c84fa94-04c1-424b-9868-57a2d4851a1d">
      <TestEntries>
        <TestEntry testId="f0324f69-4bc5-f242-304d-1c20cbaa0df4" executionId="3b345986-6f49-4c59-af1d-758244fb362a" parentExecutionId="401e584b-3482-4213-ab36-abe72aa02d5e" testListId="8c84fa94-04c1-424b-9868-57a2d4851a1d" />
        <TestEntry testId="80170f90-7016-0f25-5f27-1b5857414de8" executionId="cb36d38d-5de1-4126-b6fb-1aa4c7d1b36d" parentExecutionId="401e584b-3482-4213-ab36-abe72aa02d5e" testListId="8c84fa94-04c1-424b-9868-57a2d4851a1d" />
        <TestEntry testId="46df5543-d943-eaba-14dd-e93f5bc99d2d" executionId="90860609-6b49-488d-a998-6e00ee612891" parentExecutionId="401e584b-3482-4213-ab36-abe72aa02d5e" testListId="8c84fa94-04c1-424b-9868-57a2d4851a1d" />
        <TestEntry testId="9b77ea79-a5be-7b12-a6aa-bd79011c7986" executionId="7e272393-2d1d-49e5-b282-9f2acf565bc7" parentExecutionId="401e584b-3482-4213-ab36-abe72aa02d5e" testListId="8c84fa94-04c1-424b-9868-57a2d4851a1d" />
        <TestEntry testId="b0cb2a6d-e9ec-b5a3-96c6-643f85dd5b2f" executionId="86cbd158-5195-46bc-b123-2990c5537a08" parentExecutionId="401e584b-3482-4213-ab36-abe72aa02d5e" testListId="8c84fa94-04c1-424b-9868-57a2d4851a1d" />
        <TestEntry testId="62a482b3-9479-57fa-623b-ef77aef9b591" executionId="f3404276-bc4c-41fb-a484-cd8385e776d1" parentExecutionId="401e584b-3482-4213-ab36-abe72aa02d5e" testListId="8c84fa94-04c1-424b-9868-57a2d4851a1d" />
      </TestEntries>
    </TestEntry>
    <TestEntry testId="0a1692ca-ffa3-0d93-4be2-12d38fb2fff9" executionId="7f7dc225-8853-471f-b2e2-66ee5d0debef" testListId="8c84fa94-04c1-424b-9868-57a2d4851a1d" />
    <TestEntry testId="14fef4f7-8a0a-906a-6edf-805e390c1b1e" executionId="755630b7-28f8-4422-84bc-4cba3bde0528" testListId="8c84fa94-04c1-424b-9868-57a2d4851a1d" />
    <TestEntry testId="20977a3a-faa3-fd60-8aab-c673e626336d" executionId="181cba05-6232-4441-89ca-e704b336e082" testListId="8c84fa94-04c1-424b-9868-57a2d4851a1d" />
    <TestEntry testId="220fdab0-15c6-f386-3de6-e82960889e1d" executionId="34232afa-1fa2-469c-babc-035bdff93d48" testListId="8c84fa94-04c1-424b-9868-57a2d4851a1d" />
    <TestEntry testId="270a1b7d-04ce-2380-2f3a-9f6596bbcc96" executionId="6cc54c97-a9e5-427a-87e1-ea22bb619044" testListId="8c84fa94-04c1-424b-9868-57a2d4851a1d" />
    <TestEntry testId="29b452fb-d77c-c708-5b75-46f377427f44" executionId="fc10bc3d-3631-4e56-b9ac-a8aa4e338f80" testListId="8c84fa94-04c1-424b-9868-57a2d4851a1d" />
    <TestEntry testId="2da28dce-835e-d9d0-1c9a-cb2798355296" executionId="4dad9b4a-5704-4afc-95a0-031f7c86c2cd" testListId="8c84fa94-04c1-424b-9868-57a2d4851a1d" />
    <TestEntry testId="301bb986-160b-de3e-6be8-6e65fc2dd78b" executionId="bf9ba0e0-ef2b-4dc1-9381-1528b8b78451" testListId="8c84fa94-04c1-424b-9868-57a2d4851a1d" />
    <TestEntry testId="32c1bfaf-5581-b59b-4751-f069c1bd9656" executionId="0046809d-b925-4f18-8bd7-4867218f5d52" testListId="8c84fa94-04c1-424b-9868-57a2d4851a1d" />
    <TestEntry testId="33b7e33f-36ba-06a7-3f37-d59b5cddecd7" executionId="9b8ab48a-e8b2-4d29-9f80-4d3c4539e1d8" testListId="8c84fa94-04c1-424b-9868-57a2d4851a1d" />
    <TestEntry testId="36c0a8a5-cc1e-8954-dec6-98276437491e" executionId="17bf210b-6c7f-448d-97f8-abc41ac629db" testListId="8c84fa94-04c1-424b-9868-57a2d4851a1d" />
    <TestEntry testId="3a47ab0d-ffe1-ee4a-ca2a-9d71a85ec058" executionId="61be63e1-962b-47c6-957a-2bdcd1025209" testListId="8c84fa94-04c1-424b-9868-57a2d4851a1d" />
    <TestEntry testId="3bdf6447-5909-c2fc-a064-278e1cf84434" executionId="22be7a3a-b8f8-48b6-a7f9-2a6fe14d90d3" testListId="8c84fa94-04c1-424b-9868-57a2d4851a1d" />
    <TestEntry testId="3d67f098-0dab-d1e3-d1bd-146a12294862" executionId="28ab6a48-d009-4dd3-bd7b-a948070eea30" testListId="8c84fa94-04c1-424b-9868-57a2d4851a1d" />
    <TestEntry testId="3d82fd8a-6da1-b64c-7df5-1ca074ad6ec7" executionId="c43f2afd-abdc-4314-8ae8-f46fc83491ee" testListId="8c84fa94-04c1-424b-9868-57a2d4851a1d" />
    <TestEntry testId="44364494-b301-4d8e-2866-48f8810f5486" executionId="a424d535-49b6-4eb5-9ac8-a8db1e6f447b" testListId="8c84fa94-04c1-424b-9868-57a2d4851a1d" />
    <TestEntry testId="46df5543-d943-eaba-14dd-e93f5bc99d2d" executionId="3413d4d7-d4e6-426c-a495-8b13793e4a00" testListId="8c84fa94-04c1-424b-9868-57a2d4851a1d" />
    <TestEntry testId="47b6b505-9cc7-a4cb-a353-5fba6b8cf818" executionId="24fca8f7-ab75-416f-89e0-472a451a542d" testListId="8c84fa94-04c1-424b-9868-57a2d4851a1d" />
    <TestEntry testId="49e0e307-5361-a252-f32e-f4648599354f" executionId="9d009e13-68a4-4661-85f4-5940a54fd59c" testListId="8c84fa94-04c1-424b-9868-57a2d4851a1d" />
    <TestEntry testId="4e4ff38c-627d-d847-3c0e-b04629f19c17" executionId="1239dd45-45b9-4a5b-893f-03c5dc0c627e" testListId="8c84fa94-04c1-424b-9868-57a2d4851a1d" />
    <TestEntry testId="5170e5b9-f500-58c2-4d59-6f8a2f848aa3" executionId="7039782c-1984-43cd-9646-4b817c14d5f5" testListId="8c84fa94-04c1-424b-9868-57a2d4851a1d" />
    <TestEntry testId="53f8ce7c-ab78-56e9-ac0e-6ab97499cb96" executionId="a6425ec6-53c1-4823-8912-59dd67c3daaf" testListId="8c84fa94-04c1-424b-9868-57a2d4851a1d" />
    <TestEntry testId="58edd250-7ba2-10c0-bf35-d3ae8ae86bfb" executionId="8a3afb6b-e41a-4a16-8428-19641a0846d0" testListId="8c84fa94-04c1-424b-9868-57a2d4851a1d" />
    <TestEntry testId="5d764b1f-88d6-b635-058c-046dac360df9" executionId="167ab1c2-fa2d-4b04-9bd1-8f41083ad77c" testListId="8c84fa94-04c1-424b-9868-57a2d4851a1d" />
    <TestEntry testId="5e2b40b7-e800-ba73-c128-af3843db1df8" executionId="f43b8a72-7378-48f4-9dd7-7554ce99ab4d" testListId="8c84fa94-04c1-424b-9868-57a2d4851a1d" />
    <TestEntry testId="62a482b3-9479-57fa-623b-ef77aef9b591" executionId="82a03f98-a1c0-4aa5-ab4b-9ab8e4092f90" testListId="8c84fa94-04c1-424b-9868-57a2d4851a1d" />
    <TestEntry testId="62ebc987-cc0a-d45d-d739-68c28174967c" executionId="ecfbb7c7-cdb0-48b5-823b-24c269645e36" testListId="8c84fa94-04c1-424b-9868-57a2d4851a1d" />
    <TestEntry testId="669db1ea-c615-3f68-3c18-10d3592b8f75" executionId="87f1beb7-463a-4dc5-a738-4f8c57967038" testListId="8c84fa94-04c1-424b-9868-57a2d4851a1d" />
    <TestEntry testId="6b53ec9c-dea4-cf64-0826-58f40eb4b8f4" executionId="78baffb8-26b8-40c3-99e1-b146d4f6211c" testListId="8c84fa94-04c1-424b-9868-57a2d4851a1d" />
    <TestEntry testId="6de5aefb-861f-99b2-90ab-07e7fe85f667" executionId="41da0479-a4d3-4fc6-a7a2-c816d7c478ed" testListId="8c84fa94-04c1-424b-9868-57a2d4851a1d" />
    <TestEntry testId="708b47bb-5d42-796d-68ce-f45e60f8bf90" executionId="28488abd-004b-439c-899e-09bf50805e7d" testListId="8c84fa94-04c1-424b-9868-57a2d4851a1d" />
    <TestEntry testId="73b9d50c-5c76-d75d-5ada-53783dcf94e9" executionId="7de05ac1-d6ca-4272-b17e-58f1e1f8cbc2" testListId="8c84fa94-04c1-424b-9868-57a2d4851a1d" />
    <TestEntry testId="75ee3a28-140a-c97e-6169-a21d32bbe06c" executionId="bc86eb0f-575f-43cd-b58a-36fb3601d3a9" testListId="8c84fa94-04c1-424b-9868-57a2d4851a1d" />
    <TestEntry testId="7a9cff1f-4e4c-f047-2570-94c2b41131ff" executionId="384a9005-d866-4b5a-87ab-012f1c25c443" testListId="8c84fa94-04c1-424b-9868-57a2d4851a1d" />
    <TestEntry testId="80170f90-7016-0f25-5f27-1b5857414de8" executionId="0c5030d2-0f27-404a-8cdf-31163196649b" testListId="8c84fa94-04c1-424b-9868-57a2d4851a1d" />
    <TestEntry testId="8e60b8b3-dbfc-9a83-636f-4186ce582a21" executionId="d66f8eeb-ac92-4e64-90d1-dde503611081" testListId="8c84fa94-04c1-424b-9868-57a2d4851a1d" />
    <TestEntry testId="9b77ea79-a5be-7b12-a6aa-bd79011c7986" executionId="6f5aad07-4701-49aa-9549-87acd0644817" testListId="8c84fa94-04c1-424b-9868-57a2d4851a1d" />
    <TestEntry testId="9d5cb68c-2aba-610a-87f7-bf15871f458d" executionId="dfe21072-1cb6-44ec-826a-275e47b60edc" testListId="8c84fa94-04c1-424b-9868-57a2d4851a1d" />
    <TestEntry testId="a0d43ab5-e110-2559-de1a-a6008fda0a4a" executionId="294c4fb1-204e-47a0-be2b-cd083b7ede66" testListId="8c84fa94-04c1-424b-9868-57a2d4851a1d" />
    <TestEntry testId="a8573c06-afb9-aa25-8b03-eb0a02b3bbbb" executionId="dd34aa92-9a03-4601-9de4-c7d0aaef55eb" testListId="8c84fa94-04c1-424b-9868-57a2d4851a1d" />
    <TestEntry testId="a929c59b-df1d-a8df-e409-dfbd9ebfb919" executionId="7c755f94-46e4-4179-b5b8-6002e3404d2e" testListId="8c84fa94-04c1-424b-9868-57a2d4851a1d" />
    <TestEntry testId="ade489dc-c734-0185-18cf-ba768655d892" executionId="f76e421b-8259-4360-aa8c-280678e39ad4" testListId="8c84fa94-04c1-424b-9868-57a2d4851a1d" />
    <TestEntry testId="ae1b68a0-1a14-db91-0b3b-a40df1894a93" executionId="d83a5c8b-d597-4839-8c81-86becdc25057" testListId="8c84fa94-04c1-424b-9868-57a2d4851a1d" />
    <TestEntry testId="b0cb2a6d-e9ec-b5a3-96c6-643f85dd5b2f" executionId="f82146b4-2072-435d-8b68-7308dbb61aa4" testListId="8c84fa94-04c1-424b-9868-57a2d4851a1d" />
    <TestEntry testId="b3ba26de-dbbd-9ce7-4fc3-cc72bdd92521" executionId="a8b3faf4-123f-4790-b51d-242225fe1a96" testListId="8c84fa94-04c1-424b-9868-57a2d4851a1d" />
    <TestEntry testId="b3f34a6b-9717-6c88-6eb0-1c638d376176" executionId="8b009dbe-3aae-4e96-a085-ce70e16dee54" testListId="8c84fa94-04c1-424b-9868-57a2d4851a1d" />
    <TestEntry testId="b919b3e1-51ab-b3b9-015a-35381bebbd11" executionId="69a71b30-5259-48fc-b389-ac3d91182e46" testListId="8c84fa94-04c1-424b-9868-57a2d4851a1d" />
    <TestEntry testId="bffc2abf-2381-8551-e54b-842644abd937" executionId="7383f708-05cc-48a3-a33c-08a8e4a7e1f4" testListId="8c84fa94-04c1-424b-9868-57a2d4851a1d" />
    <TestEntry testId="c0d96248-e354-0d11-8af5-815f553cf83e" executionId="7e30c425-955e-45ff-a8d5-ecb5e39d51a6" testListId="8c84fa94-04c1-424b-9868-57a2d4851a1d" />
    <TestEntry testId="c93aaaea-355d-a1f1-dd4c-f79ccc2e687f" executionId="9fba6d78-8b61-43bb-87c3-8a7f7da87970" testListId="8c84fa94-04c1-424b-9868-57a2d4851a1d" />
    <TestEntry testId="cba4e5e6-9b12-255a-c711-a16eb14adc8a" executionId="b588dd67-6099-4d31-93c3-2217d1775400" testListId="8c84fa94-04c1-424b-9868-57a2d4851a1d" />
    <TestEntry testId="cfefc6cb-3693-0273-51a9-162a99d6ab0d" executionId="cc657cf3-3074-40d6-aeee-139247b54541" testListId="8c84fa94-04c1-424b-9868-57a2d4851a1d" />
    <TestEntry testId="d358fe17-93fe-9c85-fb17-0e3eb3886e86" executionId="241ad526-f6c3-4f2a-be49-63ffbeb9cf94" testListId="8c84fa94-04c1-424b-9868-57a2d4851a1d" />
    <TestEntry testId="df64b68c-6864-5ccd-996b-e2846291fefe" executionId="97e72f52-4a1d-47cc-829f-37f5b3a4a0ff" testListId="8c84fa94-04c1-424b-9868-57a2d4851a1d" />
    <TestEntry testId="e073322d-9e45-7c33-0699-bc95b7ec4e5b" executionId="bb545a9f-b3ef-433f-a741-6992f7b10520" testListId="8c84fa94-04c1-424b-9868-57a2d4851a1d" />
    <TestEntry testId="e1e33977-baa1-a02b-9510-2024a783ce92" executionId="d3e577bc-76ca-43ed-a174-5dac62c10954" testListId="8c84fa94-04c1-424b-9868-57a2d4851a1d" />
    <TestEntry testId="e4c2038a-d2b6-74fa-867c-b881c56b53af" executionId="5d42f309-4d73-4eb6-a0aa-91020ed831dc" testListId="8c84fa94-04c1-424b-9868-57a2d4851a1d" />
    <TestEntry testId="e7238e15-0055-2fd5-bb0c-ec3d5ec6e388" executionId="33226339-96d8-4c96-8ab2-8203e7a773ea" testListId="8c84fa94-04c1-424b-9868-57a2d4851a1d" />
    <TestEntry testId="e9f50201-915b-6e37-43ee-d973c4d3e647" executionId="74438a31-af5d-47e4-b5af-b106d86d082d" testListId="8c84fa94-04c1-424b-9868-57a2d4851a1d" />
    <TestEntry testId="eaf93fa8-06b2-f409-ef99-37603111e0cb" executionId="a127c725-c01a-4313-8437-7ba220de202c" testListId="8c84fa94-04c1-424b-9868-57a2d4851a1d" />
    <TestEntry testId="ee12da24-478e-249b-a639-9801145d8983" executionId="e3d13a6e-8fdf-4209-a17b-a7f0aaa0a271" testListId="8c84fa94-04c1-424b-9868-57a2d4851a1d" />
[...]
    </UnitTestResult>
    <UnitTestResult executionId="28488abd-004b-439c-899e-09bf50805e7d" testId="708b47bb-5d42-796d-68ce-f45e60f8bf90" testName="TestMethod1" computerName="INTLT-JP" duration="00:00:00.0118766" startTime="2012-03-26T11:42:51.5671900+11:00" endTime="2012-03-26T11:42:51.7387900+11:00" testType="13cdc9d9-ddb5-4fa4-a97d-d965ccfc6d4b" outcome="Passed" testListId="8c84fa94-04c1-424b-9868-57a2d4851a1d" relativeResultsDirectory="28488abd-004b-439c-899e-09bf50805e7d">
    </UnitTestResult>
    <UnitTestResult executionId="7de05ac1-d6ca-4272-b17e-58f1e1f8cbc2" testId="73b9d50c-5c76-d75d-5ada-53783dcf94e9" testName="TestMethod1" computerName="INTLT-JP" duration="00:00:00.0114652" startTime="2012-03-26T11:42:51.7543900+11:00" endTime="2012-03-26T11:42:51.9571900+11:00" testType="13cdc9d9-ddb5-4fa4-a97d-d965ccfc6d4b" outcome="Passed" testListId="8c84fa94-04c1-424b-9868-57a2d4851a1d" relativeResultsDirectory="7de05ac1-d6ca-4272-b17e-58f1e1f8cbc2">
    </UnitTestResult>
    <UnitTestResult executionId="bc86eb0f-575f-43cd-b58a-36fb3601d3a9" testId="75ee3a28-140a-c97e-6169-a21d32bbe06c" testName="AddTwoInvalidNumbers" computerName="INTLT-JP" duration="00:00:00.0118685" startTime="2012-03-26T11:42:51.9571900+11:00" endTime="2012-03-26T11:42:52.1443900+11:00" testType="13cdc9d9-ddb5-4fa4-a97d-d965ccfc6d4b" outcome="Passed" testListId="8c84fa94-04c1-424b-9868-57a2d4851a1d" relativeResultsDirectory="bc86eb0f-575f-43cd-b58a-36fb3601d3a9">
    </UnitTestResult>
    <UnitTestResult executionId="384a9005-d866-4b5a-87ab-012f1c25c443" testId="7a9cff1f-4e4c-f047-2570-94c2b41131ff" testName="TestMethod1" computerName="INTLT-JP" duration="00:00:00.0002298" startTime="2012-03-26T11:42:52.1443900+11:00" endTime="2012-03-26T11:42:52.1443900+11:00" testType="13cdc9d9-ddb5-4fa4-a97d-d965ccfc6d4b" outcome="Passed" testListId="8c84fa94-04c1-424b-9868-57a2d4851a1d" relativeResultsDirectory="384a9005-d866-4b5a-87ab-012f1c25c443">
    </UnitTestResult>
    <UnitTestResult executionId="0c5030d2-0f27-404a-8cdf-31163196649b" testId="80170f90-7016-0f25-5f27-1b5857414de8" testName="CodedUITestMethod1" computerName="INTLT-JP" duration="00:00:02.4698386" startTime="2012-03-26T11:42:52.1443900+11:00" endTime="2012-03-26T11:42:54.6559900+11:00" testType="13cdc9d9-ddb5-4fa4-a97d-d965ccfc6d4b" outcome="Passed" testListId="8c84fa94-04c1-424b-9868-57a2d4851a1d" relativeResultsDirectory="0c5030d2-0f27-404a-8cdf-31163196649b">
      <Output>
        <DebugTrace>W, 9916, 92, 2012/03/26, 11:42:52.175, 33392964126, QTAgent32.exe, ExtensionFramework : A Technology Manager with name Web is already registered.
W, 9916, 92, 2012/03/26, 11:42:53.439, 33396372532, QTAgent32.exe, &lt;a class=success&gt;Playback - {1} [SUCCESS] SetValueAsEditBox "Just a test" - "[MSAA, VisibleOnly]ControlType='Edit'"  &lt; Set via SendKeys &gt;
\0&lt;/a&gt;
W, 9916, 92, 2012/03/26, 11:42:53.922, 33397719504, QTAgent32.exe, &lt;a class=success&gt;Playback - {2} [SUCCESS] MouseButtonClick - "[MSAA, VisibleOnly]ControlType='Button' &amp;&amp; Name='Close'"
\0&lt;/a&gt;
W, 9916, 92, 2012/03/26, 11:42:54.546, 33399393161, QTAgent32.exe, &lt;a class=success&gt;Playback - {3} [SUCCESS] MouseButtonClick - "[MSAA, VisibleOnly]ControlType='Button' &amp;&amp; Name='Don\'t Save'"
\0&lt;/a&gt;
W, 9916, 92, 2012/03/26, 11:42:54.655, 33399693481, QTAgent32.exe, IEDOM : StopSession of the plugin called before StartSession
W, 9916, 92, 2012/03/26, 11:42:54.655, 33399693710, QTAgent32.exe, UIA : StopSession of the plugin called before StartSession
W, 9916, 92, 2012/03/26, 11:42:54.655, 33399693813, QTAgent32.exe, SLPlugin : StopSession of the plugin called before StartSession
</DebugTrace>
      </Output>
    </UnitTestResult>
    <UnitTestResult executionId="d66f8eeb-ac92-4e64-90d1-dde503611081" testId="8e60b8b3-dbfc-9a83-636f-4186ce582a21" testName="Scenario1" computerName="INTLT-JP" duration="00:00:00.0003017" startTime="2012-03-26T11:42:54.6559900+11:00" endTime="2012-03-26T11:42:54.6559900+11:00" testType="13cdc9d9-ddb5-4fa4-a97d-d965ccfc6d4b" outcome="Passed" testListId="8c84fa94-04c1-424b-9868-57a2d4851a1d" relativeResultsDirectory="d66f8eeb-ac92-4e64-90d1-dde503611081">
    </UnitTestResult>
    <UnitTestResult executionId="6f5aad07-4701-49aa-9549-87acd0644817" testId="9b77ea79-a5be-7b12-a6aa-bd79011c7986" testName="Scenario2" computerName="INTLT-JP" duration="00:00:00.0000366" startTime="2012-03-26T11:42:54.6559900+11:00" endTime="2012-03-26T11:42:54.6715900+11:00" testType="13cdc9d9-ddb5-4fa4-a97d-d965ccfc6d4b" outcome="Passed" testListId="8c84fa94-04c1-424b-9868-57a2d4851a1d" relativeResultsDirectory="6f5aad07-4701-49aa-9549-87acd0644817">
    </UnitTestResult>
    <UnitTestResult executionId="dfe21072-1cb6-44ec-826a-275e47b60edc" testId="9d5cb68c-2aba-610a-87f7-bf15871f458d" testName="TestMethod1" computerName="INTLT-JP" duration="00:00:00.0119642" startTime="2012-03-26T11:42:54.6715900+11:00" endTime="2012-03-26T11:42:54.8587900+11:00" testType="13cdc9d9-ddb5-4fa4-a97d-d965ccfc6d4b" outcome="Passed" testListId="8c84fa94-04c1-424b-9868-57a2d4851a1d" relativeResultsDirectory="dfe21072-1cb6-44ec-826a-275e47b60edc">
    </UnitTestResult>
    <UnitTestResult executionId="294c4fb1-204e-47a0-be2b-cd083b7ede66" testId="a0d43ab5-e110-2559-de1a-a6008fda0a4a" testName="TestMethod1" computerName="INTLT-JP" duration="00:00:00.0002276" startTime="2012-03-26T11:42:54.8587900+11:00" endTime="2012-03-26T11:42:54.8587900+11:00" testType="13cdc9d9-ddb5-4fa4-a97d-d965ccfc6d4b" outcome="Passed" testListId="8c84fa94-04c1-424b-9868-57a2d4851a1d" relativeResultsDirectory="294c4fb1-204e-47a0-be2b-cd083b7ede66">
    </UnitTestResult>
    <UnitTestResult executionId="dd34aa92-9a03-4601-9de4-c7d0aaef55eb" testId="a8573c06-afb9-aa25-8b03-eb0a02b3bbbb" testName="TestMethod1" computerName="INTLT-JP" duration="00:00:00.0002368" startTime="2012-03-26T11:42:54.8587900+11:00" endTime="2012-03-26T11:42:54.8743900+11:00" testType="13cdc9d9-ddb5-4fa4-a97d-d965ccfc6d4b" outcome="Passed" testListId="8c84fa94-04c1-424b-9868-57a2d4851a1d" relativeResultsDirectory="dd34aa92-9a03-4601-9de4-c7d0aaef55eb">
    </UnitTestResult>
    <UnitTestResult executionId="7c755f94-46e4-4179-b5b8-6002e3404d2e" testId="a929c59b-df1d-a8df-e409-dfbd9ebfb919" testName="TestMethod1" computerName="INTLT-JP" duration="00:00:00.0002328" startTime="2012-03-26T11:42:54.8743900+11:00" endTime="2012-03-26T11:42:54.8743900+11:00" testType="13cdc9d9-ddb5-4fa4-a97d-d965ccfc6d4b" outcome="Passed" testListId="8c84fa94-04c1-424b-9868-57a2d4851a1d" relativeResultsDirectory="7c755f94-46e4-4179-b5b8-6002e3404d2e">
    </UnitTestResult>
    <UnitTestResult executionId="f76e421b-8259-4360-aa8c-280678e39ad4" testId="ade489dc-c734-0185-18cf-ba768655d892" testName="TestMethod1" computerName="INTLT-JP" duration="00:00:00.0127711" startTime="2012-03-26T11:42:54.8743900+11:00" endTime="2012-03-26T11:42:55.0459900+11:00" testType="13cdc9d9-ddb5-4fa4-a97d-d965ccfc6d4b" outcome="Passed" testListId="8c84fa94-04c1-424b-9868-57a2d4851a1d" relativeResultsDirectory="f76e421b-8259-4360-aa8c-280678e39ad4">
    </UnitTestResult>
    <UnitTestResult executionId="d83a5c8b-d597-4839-8c81-86becdc25057" testId="ae1b68a0-1a14-db91-0b3b-a40df1894a93" testName="TestMethod1" computerName="INTLT-JP" duration="00:00:00.0119081" startTime="2012-03-26T11:42:55.0615900+11:00" endTime="2012-03-26T11:42:55.2331900+11:00" testType="13cdc9d9-ddb5-4fa4-a97d-d965ccfc6d4b" outcome="Passed" testListId="8c84fa94-04c1-424b-9868-57a2d4851a1d" relativeResultsDirectory="d83a5c8b-d597-4839-8c81-86becdc25057">
    </UnitTestResult>
    <UnitTestResult executionId="f82146b4-2072-435d-8b68-7308dbb61aa4" testId="b0cb2a6d-e9ec-b5a3-96c6-643f85dd5b2f" testName="Scenario3" computerName="INTLT-JP" duration="00:00:00.0015749" startTime="2012-03-26T11:42:55.2331900+11:00" endTime="2012-03-26T11:42:55.2331900+11:00" testType="13cdc9d9-ddb5-4fa4-a97d-d965ccfc6d4b" outcome="Failed" testListId="8c84fa94-04c1-424b-9868-57a2d4851a1d" relativeResultsDirectory="f82146b4-2072-435d-8b68-7308dbb61aa4">
      <Output>
        <ErrorInfo>
          <Message>Assert.IsTrue failed. This test didn't pass because is its intention</Message>
          <StackTrace>   at ArepaMocks.TestValidTestReport.FeatureSuccess2.Scenario3() in C:\Users\PerezJ\Documents\Visual Studio 2010\Projects\ArepaMocks\ArepaMocks.TestValidTestReport\FeatureSuccess2.cs:line 86
</StackTrace>
        </ErrorInfo>
      </Output>
    </UnitTestResult>
    <UnitTestResult executionId="a8b3faf4-123f-4790-b51d-242225fe1a96" testId="b3ba26de-dbbd-9ce7-4fc3-cc72bdd92521" testName="Add_Two_Valid_Numbers" computerName="INTLT-JP" duration="00:00:00.0082302" startTime="2012-03-26T11:42:55.2331900+11:00" endTime="2012-03-26T11:42:55.2643900+11:00" testType="13cdc9d9-ddb5-4fa4-a97d-d965ccfc6d4b" outcome="Passed" testListId="8c84fa94-04c1-424b-9868-57a2d4851a1d" relativeResultsDirectory="a8b3faf4-123f-4790-b51d-242225fe1a96">
    </UnitTestResult>
    <UnitTestResult executionId="8b009dbe-3aae-4e96-a085-ce70e16dee54" testId="b3f34a6b-9717-6c88-6eb0-1c638d376176" testName="Scenario2" computerName="INTLT-JP" duration="00:00:00.0001092" startTime="2012-03-26T11:42:55.2643900+11:00" endTime="2012-03-26T11:42:55.2643900+11:00" testType="13cdc9d9-ddb5-4fa4-a97d-d965ccfc6d4b" outcome="Passed" testListId="8c84fa94-04c1-424b-9868-57a2d4851a1d" relativeResultsDirectory="8b009dbe-3aae-4e96-a085-ce70e16dee54">
    </UnitTestResult>
    <UnitTestResult executionId="69a71b30-5259-48fc-b389-ac3d91182e46" testId="b919b3e1-51ab-b3b9-015a-35381bebbd11" testName="Substract_Two_Valid_Numbers" computerName="INTLT-JP" duration="00:00:00.0001481" startTime="2012-03-26T11:42:55.2643900+11:00" endTime="2012-03-26T11:42:55.2643900+11:00" testType="13cdc9d9-ddb5-4fa4-a97d-d965ccfc6d4b" outcome="Passed" testListId="8c84fa94-04c1-424b-9868-57a2d4851a1d" relativeResultsDirectory="69a71b30-5259-48fc-b389-ac3d91182e46">
    </UnitTestResult>
    <UnitTestResult executionId="7383f708-05cc-48a3-a33c-08a8e4a7e1f4" testId="bffc2abf-2381-8551-e54b-842644abd937" testName="Scenario2" computerName="INTLT-JP" duration="00:00:00.0000978" startTime="2012-03-26T11:42:55.2643900+11:00" endTime="2012-03-26T11:42:55.2643900+11:00" testType="13cdc9d9-ddb5-4fa4-a97d-d965ccfc6d4b" outcome="Passed" testListId="8c84fa94-04c1-424b-9868-57a2d4851a1d" relativeResultsDirectory="7383f708-05cc-48a3-a33c-08a8e4a7e1f4">
    </UnitTestResult>
    <UnitTestResult executionId="7e30c425-955e-45ff-a8d5-ecb5e39d51a6" testId="c0d96248-e354-0d11-8af5-815f553cf83e" testName="TestMethod1" computerName="INTLT-JP" duration="00:00:00.0118934" startTime="2012-03-26T11:42:55.2643900+11:00" endTime="2012-03-26T11:42:55.4515900+11:00" testType="13cdc9d9-ddb5-4fa4-a97d-d965ccfc6d4b" outcome="Passed" testListId="8c84fa94-04c1-424b-9868-57a2d4851a1d" relativeResultsDirectory="7e30c425-955e-45ff-a8d5-ecb5e39d51a6">
    </UnitTestResult>
    <UnitTestResult executionId="9fba6d78-8b61-43bb-87c3-8a7f7da87970" testId="c93aaaea-355d-a1f1-dd4c-f79ccc2e687f" testName="TestMethod1" computerName="INTLT-JP" duration="00:00:00.0002621" startTime="2012-03-26T11:42:55.4515900+11:00" endTime="2012-03-26T11:42:55.4671900+11:00" testType="13cdc9d9-ddb5-4fa4-a97d-d965ccfc6d4b" outcome="Passed" testListId="8c84fa94-04c1-424b-9868-57a2d4851a1d" relativeResultsDirectory="9fba6d78-8b61-43bb-87c3-8a7f7da87970">
    </UnitTestResult>
    <UnitTestResult executionId="b588dd67-6099-4d31-93c3-2217d1775400" testId="cba4e5e6-9b12-255a-c711-a16eb14adc8a" testName="TestMethod1" computerName="INTLT-JP" duration="00:00:00.0002284" startTime="2012-03-26T11:42:55.4671900+11:00" endTime="2012-03-26T11:42:55.4671900+11:00" testType="13cdc9d9-ddb5-4fa4-a97d-d965ccfc6d4b" outcome="Passed" testListId="8c84fa94-04c1-424b-9868-57a2d4851a1d" relativeResultsDirectory="b588dd67-6099-4d31-93c3-2217d1775400">
    </UnitTestResult>
    <UnitTestResult executionId="cc657cf3-3074-40d6-aeee-139247b54541" testId="cfefc6cb-3693-0273-51a9-162a99d6ab0d" testName="TestMethod1" computerName="INTLT-JP" duration="00:00:00.0000920" startTime="2012-03-26T11:42:55.4671900+11:00" endTime="2012-03-26T11:42:55.4671900+11:00" testType="13cdc9d9-ddb5-4fa4-a97d-d965ccfc6d4b" outcome="Passed" testListId="8c84fa94-04c1-424b-9868-57a2d4851a1d" relativeResultsDirectory="cc657cf3-3074-40d6-aeee-139247b54541">
    </UnitTestResult>
    <UnitTestResult executionId="241ad526-f6c3-4f2a-be49-63ffbeb9cf94" testId="d358fe17-93fe-9c85-fb17-0e3eb3886e86" testName="TestMethod1" computerName="INTLT-JP" duration="00:00:00.0000912" startTime="2012-03-26T11:42:55.4671900+11:00" endTime="2012-03-26T11:42:55.4671900+11:00" testType="13cdc9d9-ddb5-4fa4-a97d-d965ccfc6d4b" outcome="Passed" testListId="8c84fa94-04c1-424b-9868-57a2d4851a1d" relativeResultsDirectory="241ad526-f6c3-4f2a-be49-63ffbeb9cf94">
    </UnitTestResult>
    <UnitTestResult executionId="97e72f52-4a1d-47cc-829f-37f5b3a4a0ff" testId="df64b68c-6864-5ccd-996b-e2846291fefe" testName="TestMethod1" computerName="INTLT-JP" duration="00:00:00.0002185" startTime="2012-03-26T11:42:55.4671900+11:00" endTime="2012-03-26T11:42:55.4827900+11:00" testType="13cdc9d9-ddb5-4fa4-a97d-d965ccfc6d4b" outcome="Passed" testListId="8c84fa94-04c1-424b-9868-57a2d4851a1d" relativeResultsDirectory="97e72f52-4a1d-47cc-829f-37f5b3a4a0ff">
    </UnitTestResult>
    <UnitTestResult executionId="bb545a9f-b3ef-433f-a741-6992f7b10520" testId="e073322d-9e45-7c33-0699-bc95b7ec4e5b" testName="Add_Two_Valid_Numbers" computerName="INTLT-JP" duration="00:00:00.0001477" startTime="2012-03-26T11:42:55.4827900+11:00" endTime="2012-03-26T11:42:55.4827900+11:00" testType="13cdc9d9-ddb5-4fa4-a97d-d965ccfc6d4b" outcome="Passed" testListId="8c84fa94-04c1-424b-9868-57a2d4851a1d" relativeResultsDirectory="bb545a9f-b3ef-433f-a741-6992f7b10520">
    </UnitTestResult>
    <UnitTestResult executionId="d3e577bc-76ca-43ed-a174-5dac62c10954" testId="e1e33977-baa1-a02b-9510-2024a783ce92" testName="Add_Two_Valid_Numbers" computerName="INTLT-JP" duration="00:00:00.0122766" startTime="2012-03-26T11:42:55.4827900+11:00" endTime="2012-03-26T11:42:55.6543900+11:00" testType="13cdc9d9-ddb5-4fa4-a97d-d965ccfc6d4b" outcome="Passed" testListId="8c84fa94-04c1-424b-9868-57a2d4851a1d" relativeResultsDirectory="d3e577bc-76ca-43ed-a174-5dac62c10954">
    </UnitTestResult>
    <UnitTestResult executionId="5d42f309-4d73-4eb6-a0aa-91020ed831dc" testId="e4c2038a-d2b6-74fa-867c-b881c56b53af" testName="TestMethod1" computerName="INTLT-JP" duration="00:00:00.0030407" startTime="2012-03-26T11:42:55.6543900+11:00" endTime="2012-03-26T11:42:55.6699900+11:00" testType="13cdc9d9-ddb5-4fa4-a97d-d965ccfc6d4b" outcome="Passed" testListId="8c84fa94-04c1-424b-9868-57a2d4851a1d" relativeResultsDirectory="5d42f309-4d73-4eb6-a0aa-91020ed831dc">
    </UnitTestResult>
    <UnitTestResult executionId="33226339-96d8-4c96-8ab2-8203e7a773ea" testId="e7238e15-0055-2fd5-bb0c-ec3d5ec6e388" testName="test2" computerName="INTLT-JP" duration="00:00:00.0005396" startTime="2012-03-26T11:42:55.6699900+11:00" endTime="2012-03-26T11:42:55.6855900+11:00" testType="13cdc9d9-ddb5-4fa4-a97d-d965ccfc6d4b" outcome="Passed" testListId="8c84fa94-04c1-424b-9868-57a2d4851a1d" relativeResultsDirectory="33226339-96d8-4c96-8ab2-8203e7a773ea">
    </UnitTestResult>
    <UnitTestResult executionId="74438a31-af5d-47e4-b5af-b106d86d082d" testId="e9f50201-915b-6e37-43ee-d973c4d3e647" testName="Add_Two_Valid_Numbers" computerName="INTLT-JP" duration="00:00:00.0005810" startTime="2012-03-26T11:42:55.6855900+11:00" endTime="2012-03-26T11:42:55.7011900+11:00" testType="13cdc9d9-ddb5-4fa4-a97d-d965ccfc6d4b" outcome="Passed" testListId="8c84fa94-04c1-424b-9868-57a2d4851a1d" relativeResultsDirectory="74438a31-af5d-47e4-b5af-b106d86d082d">
    </UnitTestResult>
    <UnitTestResult executionId="a127c725-c01a-4313-8437-7ba220de202c" testId="eaf93fa8-06b2-f409-ef99-37603111e0cb" testName="TestMethod1" computerName="INTLT-JP" duration="00:00:00.0002471" startTime="2012-03-26T11:42:55.7011900+11:00" endTime="2012-03-26T11:42:55.7011900+11:00" testType="13cdc9d9-ddb5-4fa4-a97d-d965ccfc6d4b" outcome="Passed" testListId="8c84fa94-04c1-424b-9868-57a2d4851a1d" relativeResultsDirectory="a127c725-c01a-4313-8437-7ba220de202c">
    </UnitTestResult>
    <UnitTestResult executionId="e3d13a6e-8fdf-4209-a17b-a7f0aaa0a271" testId="ee12da24-478e-249b-a639-9801145d8983" testName="Add_Two_Valid_Numbers" computerName="INTLT-JP" duration="00:00:00.0001048" startTime="2012-03-26T11:42:55.7167900+11:00" endTime="2012-03-26T11:42:55.7167900+11:00" testType="13cdc9d9-ddb5-4fa4-a97d-d965ccfc6d4b" outcome="Passed" testListId="8c84fa94-04c1-424b-9868-57a2d4851a1d" relativeResultsDirectory="e3d13a6e-8fdf-4209-a17b-a7f0aaa0a271">
    </UnitTestResult>
    <UnitTestResult executionId="bf98c968-ab73-4c71-bf62-32fa19d56067" testId="f0324f69-4bc5-f242-304d-1c20cbaa0df4" testName="BasicUnitTest1_TestMethod1" computerName="INTLT-JP" duration="00:00:00.0000260" startTime="2012-03-26T11:42:55.7167900+11:00" endTime="2012-03-26T11:42:55.7167900+11:00" testType="13cdc9d9-ddb5-4fa4-a97d-d965ccfc6d4b" outcome="Passed" testListId="8c84fa94-04c1-424b-9868-57a2d4851a1d" relativeResultsDirectory="bf98c968-ab73-4c71-bf62-32fa19d56067">
    </UnitTestResult>
    <UnitTestResult executionId="c92706fe-b995-416f-b1a1-6dc4e6e60cbc" testId="f151e28a-7a1b-379d-cfbb-827a22aba69c" testName="TestMethod1" computerName="INTLT-JP" duration="00:00:00.0001041" startTime="2012-03-26T11:42:55.7167900+11:00" endTime="2012-03-26T11:42:55.7167900+11:00" testType="13cdc9d9-ddb5-4fa4-a97d-d965ccfc6d4b" outcome="Passed" testListId="8c84fa94-04c1-424b-9868-57a2d4851a1d" relativeResultsDirectory="c92706fe-b995-416f-b1a1-6dc4e6e60cbc">
    </UnitTestResult>
    <UnitTestResult executionId="7dd78309-9ff7-4fce-b306-4a8d6e61f39f" testId="f24af913-228a-d5f6-da72-b114689b5bad" testName="Add_Two_Valid_Numbers" computerName="INTLT-JP" duration="00:00:00.0001202" startTime="2012-03-26T11:42:55.7167900+11:00" endTime="2012-03-26T11:42:55.7323900+11:00" testType="13cdc9d9-ddb5-4fa4-a97d-d965ccfc6d4b" outcome="Passed" testListId="8c84fa94-04c1-424b-9868-57a2d4851a1d" relativeResultsDirectory="7dd78309-9ff7-4fce-b306-4a8d6e61f39f">
    </UnitTestResult>
    <UnitTestResult executionId="137837bf-8fd5-40bc-a8c8-6d66451ac964" testId="f5d24bc5-af65-8cca-c477-2e1bf86f6b9b" testName="Scenario4" computerName="INTLT-JP" duration="00:00:00.0000982" startTime="2012-03-26T11:42:55.7323900+11:00" endTime="2012-03-26T11:42:55.7323900+11:00" testType="13cdc9d9-ddb5-4fa4-a97d-d965ccfc6d4b" outcome="Passed" testListId="8c84fa94-04c1-424b-9868-57a2d4851a1d" relativeResultsDirectory="137837bf-8fd5-40bc-a8c8-6d66451ac964">
    </UnitTestResult>
    <UnitTestResult executionId="6b607443-6f02-4673-803c-9e3732ec0f09" testId="f966436a-0bd9-13dd-9c71-0a70a4fc6e3b" testName="Add_Two_Valid_Numbers" computerName="INTLT-JP" duration="00:00:00.0000978" startTime="2012-03-26T11:42:55.7323900+11:00" endTime="2012-03-26T11:42:55.7323900+11:00" testType="13cdc9d9-ddb5-4fa4-a97d-d965ccfc6d4b" outcome="Passed" testListId="8c84fa94-04c1-424b-9868-57a2d4851a1d" relativeResultsDirectory="6b607443-6f02-4673-803c-9e3732ec0f09">
    </UnitTestResult>
    <UnitTestResult executionId="a2e33dc8-805c-46ac-ab7f-94b1fa71f81f" testId="ff4d5294-ee35-0134-f913-71a8dac6f9e0" testName="TestMethod1" computerName="INTLT-JP" duration="00:00:00.0002386" startTime="2012-03-26T11:42:55.7323900+11:00" endTime="2012-03-26T11:42:55.7479900+11:00" testType="13cdc9d9-ddb5-4fa4-a97d-d965ccfc6d4b" outcome="Passed" testListId="8c84fa94-04c1-424b-9868-57a2d4851a1d" relativeResultsDirectory="a2e33dc8-805c-46ac-ab7f-94b1fa71f81f">
    </UnitTestResult>
  </Results>
</TestRun>